Log file open, 03/01/21 18:12:48
LogInit:Display: Running engine for game: MyFirstProject
LogInit:Display: Project file not found: ../../../MyFirstProject/MyFirstProject.uproject
LogInit:Display: 	Attempting to find via project info helper.
LogUProjectInfo: Found projects:
LogPlatformFile: Not using cached read wrapper
LogInit:Display: RandInit(229363838) SRandInit(229363842).
LogTaskGraph: Started task graph with 4 named threads and 7 total threads with 1 sets of task threads.
LogStats: Stats thread started at 1.810896
LogInit: Version: 4.12.5-3039270+++UE4+Release-4.12
LogInit: API Version: 2992821
LogInit: Net Version: 3039270
LogDevObjectVersion: Number of dev versions registered: 13
LogDevObjectVersion:   Dev-Blueprints (B0D832E4-1F89-4F0D-ACCF-7EB736FD4AA2): 3
LogDevObjectVersion:   Dev-Build (E1C64328-A22C-4D53-A36C-8E866417BD8C): 0
LogDevObjectVersion:   Dev-Core (375EC13C-06E4-48FB-B500-84F0262A717E): 1
LogDevObjectVersion:   Dev-Editor (E4B068ED-F494-42E9-A231-DA0B2E46BB41): 2
LogDevObjectVersion:   Dev-Framework (CFFC743F-43B0-4480-9391-14DF171D2073): 6
LogDevObjectVersion:   Dev-Mobile (B02B49B5-BB20-44E9-A304-32B752E40360): 0
LogDevObjectVersion:   Dev-Networking (A4E4105C-59A1-49B5-A7C5-40C4547EDFEE): 0
LogDevObjectVersion:   Dev-Online (39C831C9-5AE6-47DC-9A44-9C173E1C8E7C): 0
LogDevObjectVersion:   Dev-Physics (78F01B33-EBEA-4F98-B9B4-84EACCB95AA2): 0
LogDevObjectVersion:   Dev-Platform (6631380F-2D4D-43E0-8009-CF276956A95A): 0
LogDevObjectVersion:   Dev-Rendering (12F88B9F-8875-4AFC-A67C-D90C383ABD29): 2
LogDevObjectVersion:   Dev-Sequencer (7B5AE74C-D270-4C10-A958-57980B212A5A): 0
LogDevObjectVersion:   Dev-VR (D7296918-1DD6-4BDD-9DE2-64A83CC13884): 0
LogInit: Compiled (64-bit): Jul  6 2016 09:06:15
LogInit: Compiled with Visual C++: 19.00.23026.00
LogInit: Build Configuration: Development
LogInit: Branch Name: ++UE4+Release-4.12
LogInit: Command line:  
LogInit: Base directory: C:/Users/Dan/Documents/GitHub/Unreal-Checkers/Engine/Binaries/Win64/
LogInit: Installed Engine Build: 0
LogInit: Using libcurl 7.41.0
LogInit:  - built for x86_64-pc-win32
LogInit:  - supports SSL with WinSSL
LogInit:  - other features:
LogInit:      CURL_VERSION_SSL
LogInit:      CURL_VERSION_IPV6
LogInit:      CURL_VERSION_ASYNCHDNS
LogInit:      CURL_VERSION_LARGEFILE
LogInit:      CURL_VERSION_IDN
LogInit:  CurlRequestOptions (configurable via config and command line):
LogInit:  - bVerifyPeer = true  - Libcurl will verify peer certificate
LogInit:  - bUseHttpProxy = false  - Libcurl will NOT use HTTP proxy
LogInit:  - bDontReuseConnections = false  - Libcurl will reuse connections
LogInit:  - CertBundlePath = nullptr  - Libcurl will use whatever was configured at build time.
LogInit: Presizing for max 2097152 objects, including 0 objects not considered by GC, pre-allocating 0 bytes for permanent pool.
LogInit: Object subsystem initialized
[2021.03.02-02.12.48:053][  0]LogInit: Selected Device Profile: [WindowsNoEditor]
[2021.03.02-02.12.48:053][  0]LogInit: Applying CVar settings loaded from the selected device profile: [WindowsNoEditor]
[2021.03.02-02.12.48:059][  0]LogInit: Computer: PREDATOR
[2021.03.02-02.12.48:059][  0]LogInit: User: Dan
[2021.03.02-02.12.48:059][  0]LogInit: CPU Page size=65536, Cores=4
[2021.03.02-02.12.48:059][  0]LogInit: High frequency timer resolution =3.312658 MHz
[2021.03.02-02.12.48:059][  0]LogMemory: Memory total: Physical=15.9GB (16GB approx)
[2021.03.02-02.12.48:059][  0]LogMemory: Platform Memory Stats for WindowsNoEditor
[2021.03.02-02.12.48:059][  0]LogMemory: Process Physical Memory: 66.31 MB used, 66.31 MB peak
[2021.03.02-02.12.48:059][  0]LogMemory: Process Virtual Memory: 83.80 MB used, 83.80 MB peak
[2021.03.02-02.12.48:059][  0]LogMemory: Physical Memory: 8651.91 MB used, 16303.59 MB total
[2021.03.02-02.12.48:059][  0]LogMemory: Virtual Memory: 287.30 MB used, 134217728.00 MB total
[2021.03.02-02.12.48:089][  0]LogTextLocalizationManager: No specific translations for ('en-US') exist, so ('en') translations will be used.
[2021.03.02-02.12.48:138][  0]LogD3D11RHI: D3D11 adapters:
[2021.03.02-02.12.48:176][  0]LogD3D11RHI:    0. 'NVIDIA GeForce GTX 760 (192-bit)' (Feature Level 11_0)
[2021.03.02-02.12.48:176][  0]LogD3D11RHI:       1436/0/2560 MB DedicatedVideo/DedicatedSystem/SharedSystem, Outputs:1, VendorId:0x10de
[2021.03.02-02.12.48:178][  0]LogD3D11RHI:    1. 'Microsoft Basic Render Driver' (Feature Level 11_0)
[2021.03.02-02.12.48:178][  0]LogD3D11RHI:       0/0/256 MB DedicatedVideo/DedicatedSystem/SharedSystem, Outputs:0, VendorId:0x1414
[2021.03.02-02.12.48:178][  0]LogD3D11RHI: Chosen D3D11 Adapter: 0
[2021.03.02-02.12.48:796][  0]LogD3D11RHI: Creating new Direct3DDevice
[2021.03.02-02.12.48:796][  0]LogD3D11RHI:     GPU DeviceId: 0x118e (for the marketing name, search the web for "GPU Device Id")
[2021.03.02-02.12.48:796][  0]LogWindows: EnumDisplayDevices:
[2021.03.02-02.12.48:796][  0]LogWindows:    0. 'NVIDIA GeForce GTX 760 (192-bit)' (P:1 D:1)
[2021.03.02-02.12.48:796][  0]LogWindows:    1. 'NVIDIA GeForce GTX 760 (192-bit)' (P:0 D:0)
[2021.03.02-02.12.48:797][  0]LogWindows:    2. 'NVIDIA GeForce GTX 760 (192-bit)' (P:0 D:0)
[2021.03.02-02.12.48:797][  0]LogWindows:    3. 'NVIDIA GeForce GTX 760 (192-bit)' (P:0 D:0)
[2021.03.02-02.12.48:797][  0]LogWindows: DebugString: FoundDriverCount:4 
[2021.03.02-02.12.48:797][  0]LogD3D11RHI:     Adapter Name: NVIDIA GeForce GTX 760 (192-bit)
[2021.03.02-02.12.48:797][  0]LogD3D11RHI:   Driver Version: 430.64 (internal:26.21.14.3064, unified:430.64)
[2021.03.02-02.12.48:797][  0]LogD3D11RHI:      Driver Date: 5-5-2019
[2021.03.02-02.12.48:797][  0]LogRHI: Texture pool is 1005 MB (70% of 1436 MB)
[2021.03.02-02.12.48:816][  0]LogD3D11RHI: Async texture creation enabled
[2021.03.02-02.12.48:835][  0]LogD3D11RHI: GPU Timing Frequency: 1000.000000 (Debug: 2 2)
[2021.03.02-02.12.48:903][  0]LogAssetRegistry: FAssetRegistry took 0.0050 seconds to start up
[2021.03.02-02.12.48:905][  0]LogPackageLocalizationCache: Processed 3 localized package path(s) for 2 prioritized culture(s) in 0.002032 seconds
[2021.03.02-02.12.48:909][  0]LogContentStreaming: Texture pool size is 1000.00 MB
[2021.03.02-02.12.48:909][  0]LogInit: Selected Device Profile: [WindowsNoEditor]
[2021.03.02-02.12.48:980][  0]LogInit: WinSock: version 1.1 (2.2), MaxSocks=32767, MaxUdp=65467
[2021.03.02-02.12.48:991][  0]LogSlate: SlateFontCache - WITH_FREETYPE: 1, WITH_HARFBUZZ: 1
[2021.03.02-02.12.48:991][  0]LogSlate: SlateFontCache - WITH_FREETYPE: 1, WITH_HARFBUZZ: 1
[2021.03.02-02.12.49:020][  0]LogMoviePlayer: Initializing movie player
[2021.03.02-02.12.49:058][  0]LogWindowsMoviePlayer: Unable to load movie: ../../../MyFirstProject/Content/Movies/Default_Startup.mp4
[2021.03.02-02.12.49:095][  0]LogUObjectArray: 27472 objects as part of root set at end of initial load.
[2021.03.02-02.12.49:095][  0]LogUObjectAllocator: 5680928 out of 0 bytes used by permanent object pool.
[2021.03.02-02.12.49:095][  0]LogUObjectArray: CloseDisregardForGC: 0/0 objects in disregard for GC pool
[2021.03.02-02.12.49:107][  0]LogEngine: Initializing Engine...
[2021.03.02-02.12.50:513][  0]LogHMD: SteamVR failed to initialize.  Err: 108
[2021.03.02-02.12.51:960][  0]LogHMD: SteamVR failed to initialize.  Err: 108
[2021.03.02-02.12.51:996][  0]LogInit: XAudio2 using 'Digital Output (2- USB Multi-Channel Audio Device)' : 2 channels at 48 kHz using 16 bits per sample (channel mask 0x3)
[2021.03.02-02.12.52:042][  0]LogInit: FAudioDevice initialized.
[2021.03.02-02.12.52:042][  0]LogInit: Texture streaming: Enabled
[2021.03.02-02.12.52:042][  0]LogModuleManager:Warning: ModuleManager: Module 'MessagingRpc' not found - its StaticallyLinkedModuleInitializers function is null.
[2021.03.02-02.12.52:042][  0]LogModuleManager:Warning: ModuleManager: Module 'PortalRpc' not found - its StaticallyLinkedModuleInitializers function is null.
[2021.03.02-02.12.52:042][  0]LogModuleManager:Warning: ModuleManager: Module 'PortalServices' not found - its StaticallyLinkedModuleInitializers function is null.
[2021.03.02-02.12.52:057][  0]LogNet: Browse: /Game/StarterContent/Maps/Minimal_Default?Name=Player
[2021.03.02-02.12.52:058][  0]LogLoad: LoadMap: /Game/StarterContent/Maps/Minimal_Default?Name=Player
[2021.03.02-02.12.52:066][  0]LogMemory: Platform Memory Stats for WindowsNoEditor
[2021.03.02-02.12.52:067][  0]LogMemory: Process Physical Memory: 181.03 MB used, 182.76 MB peak
[2021.03.02-02.12.52:067][  0]LogMemory: Process Virtual Memory: 268.64 MB used, 268.64 MB peak
[2021.03.02-02.12.52:067][  0]LogMemory: Physical Memory: 8771.06 MB used, 16303.59 MB total
[2021.03.02-02.12.52:067][  0]LogMemory: Virtual Memory: 611.60 MB used, 134217728.00 MB total
[2021.03.02-02.12.52:067][  0]LogMemory: 
[2021.03.02-02.12.52:067][  0]LogMemory: Allocator Stats for binned:
[2021.03.02-02.12.52:067][  0]LogMemory: Current Memory 78.26 MB used, plus 5.93 MB waste
[2021.03.02-02.12.52:067][  0]LogMemory: Peak Memory 80.35 MB used, plus 5.15 MB waste
[2021.03.02-02.12.52:067][  0]LogMemory: Current OS Memory 84.19 MB, peak 85.50 MB
[2021.03.02-02.12.52:067][  0]LogMemory: Current Waste 1.31 MB, peak 1.50 MB
[2021.03.02-02.12.52:067][  0]LogMemory: Current Used 78.26 MB, peak 80.35 MB
[2021.03.02-02.12.52:067][  0]LogMemory: Current Slack 4.62 MB
[2021.03.02-02.12.52:067][  0]LogMemory: Allocs       145165 Current /  879785 Total
[2021.03.02-02.12.52:067][  0]LogMemory: 
[2021.03.02-02.12.52:067][  0]LogMemory: Block Size Num Pools Max Pools Cur Allocs Total Allocs Min Req Max Req Mem Used Mem Slack Mem Waste Efficiency
[2021.03.02-02.12.52:067][  0]LogMemory: ---------- --------- --------- ---------- ------------ ------- ------- -------- --------- --------- ----------
[2021.03.02-02.12.52:067][  0]LogMemory:          8         0         0          0            0       8       0       0K        0K        0K    100.00%
[2021.03.02-02.12.52:067][  0]LogMemory:         16         7         7      23609       281085      16      16     368K       80K        0K    100.00%
[2021.03.02-02.12.52:067][  0]LogMemory:         32        12        12      22586        88666      17      32     705K       63K       65K     91.54%
[2021.03.02-02.12.52:067][  0]LogMemory:         48         8         8       9755        43636      33      48     457K       55K       53K     89.65%
[2021.03.02-02.12.52:067][  0]LogMemory:         64        21        21      20709        90270      49      64    1294K       50K      133K     90.10%
[2021.03.02-02.12.52:067][  0]LogMemory:         80        11        11       8776        78640      65      80     685K       19K       38K     94.60%
[2021.03.02-02.12.52:067][  0]LogMemory:         96         5         5       3288        35286      81      96     308K       12K       19K     94.06%
[2021.03.02-02.12.52:067][  0]LogMemory:        112         4         5       2225        26180      97     112     243K       13K       19K     92.58%
[2021.03.02-02.12.52:067][  0]LogMemory:        128        18        18       8638        27295     114     128    1079K       73K       33K     97.14%
[2021.03.02-02.12.52:067][  0]LogMemory:        160        42        42      16961        58069     129     160    2650K       35K      260K     90.33%
[2021.03.02-02.12.52:067][  0]LogMemory:        192        24        24       7789        22068     161     192    1460K       75K      105K     93.16%
[2021.03.02-02.12.52:067][  0]LogMemory:        224        22        38       6208        54397     193     224    1358K       48K       95K     93.25%
[2021.03.02-02.12.52:067][  0]LogMemory:        256         4         4        966         7363     226     256     241K       15K       14K     94.53%
[2021.03.02-02.12.52:067][  0]LogMemory:        288         4         4        834         6952     257     288     234K       22K       13K     94.92%
[2021.03.02-02.12.52:067][  0]LogMemory:        320         3         3        489        11103     290     320     152K       40K        8K     95.83%
[2021.03.02-02.12.52:067][  0]LogMemory:        384        20        20       3347        14792     322     384    1255K       20K      150K     88.28%
[2021.03.02-02.12.52:067][  0]LogMemory:        448         4         4        528         9278     386     448     231K       25K       23K     91.02%
[2021.03.02-02.12.52:067][  0]LogMemory:        512         5         5        589         3870     450     512     294K       26K       12K     96.25%
[2021.03.02-02.12.52:067][  0]LogMemory:        576        30        31       3183         4721     514     576    1790K      117K       81K     95.78%
[2021.03.02-02.12.52:067][  0]LogMemory:        640         8         8        639         1182     578     640     399K      111K       24K     95.31%
[2021.03.02-02.12.52:067][  0]LogMemory:        704         9         9        573         1313     642     704     393K      183K       23K     96.01%
[2021.03.02-02.12.52:067][  0]LogMemory:        768        10        10        543         1084     705     768     407K      231K        6K     99.06%
[2021.03.02-02.12.52:067][  0]LogMemory:        896         4         4        196          591     769     896     171K       85K        9K     96.48%
[2021.03.02-02.12.52:067][  0]LogMemory:       1024         7         8        287          877     904    1024     287K      161K       14K     96.88%
[2021.03.02-02.12.52:067][  0]LogMemory:       1168         6         6        289          666    1025    1168     329K       55K       24K     93.75%
[2021.03.02-02.12.52:067][  0]LogMemory:       1360         5         5        198         1086    1171    1360     262K       57K       27K     91.56%
[2021.03.02-02.12.52:067][  0]LogMemory:       1632        11        11        393          766    1361    1632     626K       76K       47K     93.32%
[2021.03.02-02.12.52:067][  0]LogMemory:       2048        12        13        273         1079    1635    2048     546K      222K       52K     93.23%
[2021.03.02-02.12.52:067][  0]LogMemory:       2336         5         6        122         1818    2050    2336     278K       42K       31K     90.31%
[2021.03.02-02.12.52:067][  0]LogMemory:       2720         4         4         80          454    2342    2717     212K       43K       11K     95.70%
[2021.03.02-02.12.52:067][  0]LogMemory:       3264        10        13        141         1250    2728    3264     449K      189K       29K     95.47%
[2021.03.02-02.12.52:067][  0]LogMemory:       4096        22        29        207          805    3270    4096     828K      580K       73K     94.82%
[2021.03.02-02.12.52:067][  0]LogMemory:       4672        13        16        107          405    4103    4672     488K      343K       26K     96.88%
[2021.03.02-02.12.52:067][  0]LogMemory:       5456        17        24        103          405    4679    5451     548K      539K       47K     95.68%
[2021.03.02-02.12.52:067][  0]LogMemory:       6544        18        21        129          379    5463    6540     824K      327K       66K     94.27%
[2021.03.02-02.12.52:067][  0]LogMemory:       8192        13        14         64          927    6553    8192     512K      320K       39K     95.31%
[2021.03.02-02.12.52:067][  0]LogMemory:       9360         7         8         46          108    8224    9360     420K       28K       24K     94.64%
[2021.03.02-02.12.52:067][  0]LogMemory:      10912         7         7         37           67    9361   10895     394K       54K       39K     91.29%
[2021.03.02-02.12.52:067][  0]LogMemory:      13104        12        12         58           91   10922   13056     742K       26K       61K     92.06%
[2021.03.02-02.12.52:067][  0]LogMemory:      16384        13        14         43          164   13109   16384     688K      144K       49K     94.11%
[2021.03.02-02.12.52:067][  0]LogMemory:      21840        17        19         50          109   16400   21063    1066K       22K      174K     84.01%
[2021.03.02-02.12.52:067][  0]LogMemory:      32768        11        13         21           77   21904   32640     672K       32K      147K     79.12%
[2021.03.02-02.12.52:067][  0]LogMemory:      49152         4         5         14          224       0   49152     672K       96K      208K     72.92%
[2021.03.02-02.12.52:067][  0]LogMemory:      98304         2         3          8           20       0   97280     768K        0K      177K     76.95%
[2021.03.02-02.12.52:067][  0]LogMemory: 
[2021.03.02-02.12.52:067][  0]LogMemory: 32576K allocated in pools (with 4754K slack and 2548K waste). Efficiency 92.18%
[2021.03.02-02.12.52:067][  0]LogMemory: Allocations 145102 Current / 879619 Total (in 491 pools)
[2021.03.02-02.12.52:067][  0]LogMemory: 
[2021.03.02-02.12.52:147][  0]LogAIModule: Creating AISystem for world Minimal_Default
[2021.03.02-02.12.52:147][  0]LogWorld: Game class is 'mouse_game_mode_C'
[2021.03.02-02.12.52:151][  0]LogWorld: Bringing World /Game/StarterContent/Maps/Minimal_Default.Minimal_Default up for play (max tick rate 0) at 2021.03.01-18.12.52
[2021.03.02-02.12.52:152][  0]LogWorld: Bringing up level for play took: 0.004534
[2021.03.02-02.12.52:155][  0]LogLoad: Took 0.097019 seconds to LoadMap(/Game/StarterContent/Maps/Minimal_Default)
[2021.03.02-02.12.52:155][  0]LogInit:Display: Game Engine Initialized.
[2021.03.02-02.12.52:357][  0]LogLoad: Full Startup: 6.33 seconds (BP compile: 0.00 seconds)
[2021.03.02-02.12.52:357][  0]LogExternalProfiler: No external profilers were discovered.  External profiling features will not be available.
[2021.03.02-02.12.52:377][  0]LogOcInput: OculusInput pre-init called
[2021.03.02-02.12.52:471][  0]LogRenderer: Reallocating scene render targets to support 128x128 (Frame:1).
[2021.03.02-02.12.52:575][  1]LogRenderer: Reallocating scene render targets to support 1824x1028 (Frame:2).
[2021.03.02-02.17.39:192][758]LogNet: Browse: /Game/StarterContent/Maps/Minimal_Default
[2021.03.02-02.17.39:192][758]LogLoad: LoadMap: /Game/StarterContent/Maps/Minimal_Default
[2021.03.02-02.17.39:205][758]LogMemory: Platform Memory Stats for WindowsNoEditor
[2021.03.02-02.17.39:205][758]LogMemory: Process Physical Memory: 238.64 MB used, 240.64 MB peak
[2021.03.02-02.17.39:205][758]LogMemory: Process Virtual Memory: 673.17 MB used, 676.96 MB peak
[2021.03.02-02.17.39:205][758]LogMemory: Physical Memory: 8766.18 MB used, 16303.59 MB total
[2021.03.02-02.17.39:205][758]LogMemory: Virtual Memory: 986.21 MB used, 134217728.00 MB total
[2021.03.02-02.17.39:205][758]LogMemory: 
[2021.03.02-02.17.39:206][758]LogMemory: Allocator Stats for binned:
[2021.03.02-02.17.39:206][758]LogMemory: Current Memory 90.21 MB used, plus 8.42 MB waste
[2021.03.02-02.17.39:206][758]LogMemory: Peak Memory 100.99 MB used, plus 5.19 MB waste
[2021.03.02-02.17.39:206][758]LogMemory: Current OS Memory 98.63 MB, peak 106.19 MB
[2021.03.02-02.17.39:206][758]LogMemory: Current Waste 1.73 MB, peak 1.92 MB
[2021.03.02-02.17.39:206][758]LogMemory: Current Used 90.21 MB, peak 100.99 MB
[2021.03.02-02.17.39:206][758]LogMemory: Current Slack 6.69 MB
[2021.03.02-02.17.39:206][758]LogMemory: Allocs       152225 Current /  9590706 Total
[2021.03.02-02.17.39:206][758]LogMemory: 
[2021.03.02-02.17.39:206][758]LogMemory: Block Size Num Pools Max Pools Cur Allocs Total Allocs Min Req Max Req Mem Used Mem Slack Mem Waste Efficiency
[2021.03.02-02.17.39:206][758]LogMemory: ---------- --------- --------- ---------- ------------ ------- ------- -------- --------- --------- ----------
[2021.03.02-02.17.39:206][758]LogMemory:          8         0         0          0            0       8       0       0K        0K        0K    100.00%
[2021.03.02-02.17.39:206][758]LogMemory:         16         7         7      24064       699879      16      16     376K       72K        0K    100.00%
[2021.03.02-02.17.39:206][758]LogMemory:         32        13        13      25652       477755      17      32     801K       31K       56K     93.27%
[2021.03.02-02.17.39:206][758]LogMemory:         48         9         9      10755       695729      33      48     504K       72K       22K     96.18%
[2021.03.02-02.17.39:206][758]LogMemory:         64        23        23      21185       524578      49      64    1324K      148K       40K     97.28%
[2021.03.02-02.17.39:206][758]LogMemory:         80        12        12       8943       151020      65      80     698K       70K       35K     95.44%
[2021.03.02-02.17.39:206][758]LogMemory:         96         7         7       3489      3282000      81      96     327K      121K       27K     93.97%
[2021.03.02-02.17.39:206][758]LogMemory:        112         5         5       2333      1893396      97     112     255K       65K        0K    100.00%
[2021.03.02-02.17.39:206][758]LogMemory:        128        20        20       8734        67045     114     128    1091K      189K       16K     98.75%
[2021.03.02-02.17.39:206][758]LogMemory:        160        44        46      17317       119135     129     160    2705K      107K      168K     94.03%
[2021.03.02-02.17.39:206][758]LogMemory:        192        26        26       8102       297634     161     192    1519K      144K      102K     93.87%
[2021.03.02-02.17.39:206][758]LogMemory:        224        23        38       6250       224963     193     224    1367K      103K       75K     94.90%
[2021.03.02-02.17.39:206][758]LogMemory:        256         6         6       1061        15091     226     256     265K      119K       12K     96.88%
[2021.03.02-02.17.39:206][758]LogMemory:        288         5         5        852         8829     257     288     239K       81K       13K     95.94%
[2021.03.02-02.17.39:206][758]LogMemory:        320         3         3        493        66075     290     320     154K       38K        1K     99.48%
[2021.03.02-02.17.39:206][758]LogMemory:        384        24        24       3416       253395     322     384    1281K      249K      103K     93.29%
[2021.03.02-02.17.39:206][758]LogMemory:        448         6         7        539        62288     386     448     235K      149K       20K     94.79%
[2021.03.02-02.17.39:206][758]LogMemory:        512         7         7        597         6812     449     512     298K      150K        8K     98.21%
[2021.03.02-02.17.39:206][758]LogMemory:        576        33        33       3232        28344     514     576    1818K      280K      152K     92.80%
[2021.03.02-02.17.39:206][758]LogMemory:        640         8         8        644        12422     577     640     402K      108K       20K     96.09%
[2021.03.02-02.17.39:206][758]LogMemory:        704         9         9        589        38785     642     704     404K      172K       23K     96.01%
[2021.03.02-02.17.39:206][758]LogMemory:        768        10        10        568        20138     705     768     426K      212K       11K     98.28%
[2021.03.02-02.17.39:206][758]LogMemory:        896         5         5        221          924     769     896     193K      127K       10K     96.88%
[2021.03.02-02.17.39:206][758]LogMemory:       1024        10        10        292       393417     897    1024     292K      348K        3K     99.53%
[2021.03.02-02.17.39:206][758]LogMemory:       1168         8         9        325        25546    1025    1168     370K      141K       32K     93.75%
[2021.03.02-02.17.39:206][758]LogMemory:       1360         7         7        212         6429    1169    1360     281K      166K       15K     96.65%
[2021.03.02-02.17.39:206][758]LogMemory:       1632        14        14        413        24337    1361    1632     658K      235K       26K     97.10%
[2021.03.02-02.17.39:206][758]LogMemory:       2048        17        20        308        15421    1634    2048     616K      472K       97K     91.08%
[2021.03.02-02.17.39:206][758]LogMemory:       2336         6         6        128         3422    2050    2336     292K       92K       23K     94.01%
[2021.03.02-02.17.39:206][758]LogMemory:       2720         5         5         85          576    2340    2720     225K       94K       12K     96.25%
[2021.03.02-02.17.39:206][758]LogMemory:       3264        10        13        168         1485    2728    3264     535K      103K       35K     94.53%
[2021.03.02-02.17.39:206][758]LogMemory:       4096        22        29        278        19533    3270    4096    1112K      296K      198K     85.94%
[2021.03.02-02.17.39:206][758]LogMemory:       4672        13        16        108          581    4100    4672     492K      339K       21K     97.48%
[2021.03.02-02.17.39:206][758]LogMemory:       5456        17        24        128          525    4679    5451     682K      405K       56K     94.85%
[2021.03.02-02.17.39:206][758]LogMemory:       6544        19        21        160          476    5463    6540    1022K      193K       80K     93.42%
[2021.03.02-02.17.39:206][758]LogMemory:       8192        13        14         71        18820    6552    8192     568K      264K       80K     90.38%
[2021.03.02-02.17.39:206][758]LogMemory:       9360         8         9         51          127    8224    9360     466K       46K       26K     94.92%
[2021.03.02-02.17.39:206][758]LogMemory:      10912         7         7         36        18588    9361   10895     383K       65K       23K     94.87%
[2021.03.02-02.17.39:206][758]LogMemory:      13104        17        17         79          127   10922   13056    1010K       78K       85K     92.19%
[2021.03.02-02.17.39:206][758]LogMemory:      16384        16        18         54         1052   13109   16384     864K      160K       14K     98.63%
[2021.03.02-02.17.39:206][758]LogMemory:      21840        19        26         52          149   16400   21784    1109K      107K      175K     85.61%
[2021.03.02-02.17.39:206][758]LogMemory:      32768        16        31         26          132   21868   32640     832K      192K      210K     79.49%
[2021.03.02-02.17.39:206][758]LogMemory:      49152         7         7         22          260       0   49152    1056K      288K      322K     76.04%
[2021.03.02-02.17.39:206][758]LogMemory:      98304         2         3          8           23       0   97280     768K        0K      177K     76.95%
[2021.03.02-02.17.39:206][758]LogMemory: 
[2021.03.02-02.17.39:206][758]LogMemory: 37248K allocated in pools (with 6891K slack and 2624K waste). Efficiency 92.96%
[2021.03.02-02.17.39:206][758]LogMemory: Allocations 152041 Current / 9477264 Total (in 558 pools)
[2021.03.02-02.17.39:206][758]LogMemory: 
[2021.03.02-02.17.39:280][758]LogAIModule: Creating AISystem for world Minimal_Default
[2021.03.02-02.17.39:280][758]LogWorld: Game class is 'mouse_game_mode_C'
[2021.03.02-02.17.39:284][758]LogWorld: Bringing World /Game/StarterContent/Maps/Minimal_Default.Minimal_Default up for play (max tick rate 0) at 2021.03.01-18.17.39
[2021.03.02-02.17.39:285][758]LogWorld: Bringing up level for play took: 0.004040
[2021.03.02-02.17.39:287][758]LogLoad: Took 0.094682 seconds to LoadMap(/Game/StarterContent/Maps/Minimal_Default)
[2021.03.02-02.27.42:900][178]LogScript:Warning: Attempted to access left_arrow via property left_arrow, but left_arrow is pending kill
	Checker_Blueprint_black_test_C /Game/StarterContent/Maps/Minimal_Default.Minimal_Default:PersistentLevel.Checker_Blueprint_black_test2
	Function /Game/Blueprints/Checker_Blueprint.Checker_Blueprint_C:check_arrows:08C4
[2021.03.02-02.27.42:900][178]LogScript:Warning: Script call stack:
	Function /Game/Blueprints/Checker_Blueprint.Checker_Blueprint_C:BndEvt__right_arrow_K2Node_ComponentBoundEvent_1_ComponentOnClickedSignature__DelegateSignature
	Function /Game/Blueprints/Checker_Blueprint.Checker_Blueprint_C:ExecuteUbergraph_Checker_Blueprint
	Function /Game/Blueprints/Checker_Blueprint.Checker_Blueprint_C:check_arrows

[2021.03.02-02.27.42:900][178]LogScript:Warning: Attempted to access left_arrow via property left_arrow, but left_arrow is pending kill
	Checker_Blueprint_black_test_C /Game/StarterContent/Maps/Minimal_Default.Minimal_Default:PersistentLevel.Checker_Blueprint_black_test2
	Function /Game/Blueprints/Checker_Blueprint.Checker_Blueprint_C:check_arrows:08EA
[2021.03.02-02.27.42:900][178]LogScript:Warning: Script call stack:
	Function /Game/Blueprints/Checker_Blueprint.Checker_Blueprint_C:BndEvt__right_arrow_K2Node_ComponentBoundEvent_1_ComponentOnClickedSignature__DelegateSignature
	Function /Game/Blueprints/Checker_Blueprint.Checker_Blueprint_C:ExecuteUbergraph_Checker_Blueprint
	Function /Game/Blueprints/Checker_Blueprint.Checker_Blueprint_C:check_arrows

[2021.03.02-02.27.42:900][178]LogScript:Warning: Attempted to access right_arrow via property right_arrow, but right_arrow is pending kill
	Checker_Blueprint_black_test_C /Game/StarterContent/Maps/Minimal_Default.Minimal_Default:PersistentLevel.Checker_Blueprint_black_test2
	Function /Game/Blueprints/Checker_Blueprint.Checker_Blueprint_C:check_arrows:0915
[2021.03.02-02.27.42:900][178]LogScript:Warning: Script call stack:
	Function /Game/Blueprints/Checker_Blueprint.Checker_Blueprint_C:BndEvt__right_arrow_K2Node_ComponentBoundEvent_1_ComponentOnClickedSignature__DelegateSignature
	Function /Game/Blueprints/Checker_Blueprint.Checker_Blueprint_C:ExecuteUbergraph_Checker_Blueprint
	Function /Game/Blueprints/Checker_Blueprint.Checker_Blueprint_C:check_arrows

[2021.03.02-02.27.42:900][178]LogScript:Warning: Attempted to access right_arrow via property right_arrow, but right_arrow is pending kill
	Checker_Blueprint_black_test_C /Game/StarterContent/Maps/Minimal_Default.Minimal_Default:PersistentLevel.Checker_Blueprint_black_test2
	Function /Game/Blueprints/Checker_Blueprint.Checker_Blueprint_C:check_arrows:093B
[2021.03.02-02.27.42:900][178]LogScript:Warning: Script call stack:
	Function /Game/Blueprints/Checker_Blueprint.Checker_Blueprint_C:BndEvt__right_arrow_K2Node_ComponentBoundEvent_1_ComponentOnClickedSignature__DelegateSignature
	Function /Game/Blueprints/Checker_Blueprint.Checker_Blueprint_C:ExecuteUbergraph_Checker_Blueprint
	Function /Game/Blueprints/Checker_Blueprint.Checker_Blueprint_C:check_arrows

[2021.03.02-02.29.40:000][438]LogNet: Browse: /Game/StarterContent/Maps/Minimal_Default
[2021.03.02-02.29.40:000][438]LogLoad: LoadMap: /Game/StarterContent/Maps/Minimal_Default
[2021.03.02-02.29.40:012][438]LogMemory: Platform Memory Stats for WindowsNoEditor
[2021.03.02-02.29.40:012][438]LogMemory: Process Physical Memory: 243.94 MB used, 246.68 MB peak
[2021.03.02-02.29.40:012][438]LogMemory: Process Virtual Memory: 727.39 MB used, 791.73 MB peak
[2021.03.02-02.29.40:012][438]LogMemory: Physical Memory: 8795.63 MB used, 16303.59 MB total
[2021.03.02-02.29.40:012][438]LogMemory: Virtual Memory: 1038.14 MB used, 134217728.00 MB total
[2021.03.02-02.29.40:012][438]LogMemory: 
[2021.03.02-02.29.40:013][438]LogMemory: Allocator Stats for binned:
[2021.03.02-02.29.40:013][438]LogMemory: Current Memory 90.81 MB used, plus 9.31 MB waste
[2021.03.02-02.29.40:013][438]LogMemory: Peak Memory 101.92 MB used, plus 5.64 MB waste
[2021.03.02-02.29.40:013][438]LogMemory: Current OS Memory 100.13 MB, peak 107.56 MB
[2021.03.02-02.29.40:013][438]LogMemory: Current Waste 1.87 MB, peak 2.11 MB
[2021.03.02-02.29.40:013][438]LogMemory: Current Used 90.81 MB, peak 101.92 MB
[2021.03.02-02.29.40:013][438]LogMemory: Current Slack 7.44 MB
[2021.03.02-02.29.40:013][438]LogMemory: Allocs       152370 Current /  30539798 Total
[2021.03.02-02.29.40:013][438]LogMemory: 
[2021.03.02-02.29.40:013][438]LogMemory: Block Size Num Pools Max Pools Cur Allocs Total Allocs Min Req Max Req Mem Used Mem Slack Mem Waste Efficiency
[2021.03.02-02.29.40:013][438]LogMemory: ---------- --------- --------- ---------- ------------ ------- ------- -------- --------- --------- ----------
[2021.03.02-02.29.40:013][438]LogMemory:          8         0         0          0            0       8       0       0K        0K        0K    100.00%
[2021.03.02-02.29.40:013][438]LogMemory:         16         7         7      24094      1737741      16      16     376K       72K        0K    100.00%
[2021.03.02-02.29.40:013][438]LogMemory:         32        14        15      25667      1432494      17      32     802K       94K       52K     94.20%
[2021.03.02-02.29.40:013][438]LogMemory:         48         9         9      10792      2313448      33      48     505K       71K       20K     96.53%
[2021.03.02-02.29.40:013][438]LogMemory:         64        23        23      21181      1582778      49      64    1323K      149K       21K     98.57%
[2021.03.02-02.29.40:013][438]LogMemory:         80        12        12       8943       303072      65      80     698K       70K       31K     95.96%
[2021.03.02-02.29.40:013][438]LogMemory:         96         7         8       3490     11041666      81      96     327K      121K       27K     93.97%
[2021.03.02-02.29.40:013][438]LogMemory:        112         5         5       2334      6225064      97     112     255K       65K        0K    100.00%
[2021.03.02-02.29.40:013][438]LogMemory:        128        20        20       8736       159240     114     128    1092K      188K        7K     99.45%
[2021.03.02-02.29.40:013][438]LogMemory:        160        45        46      17341       260466     129     160    2709K      167K      110K     96.18%
[2021.03.02-02.29.40:013][438]LogMemory:        192        27        27       8105       990794     161     192    1519K      208K      101K     94.16%
[2021.03.02-02.29.40:013][438]LogMemory:        224        23        38       6252       631948     193     224    1367K      103K       70K     95.24%
[2021.03.02-02.29.40:013][438]LogMemory:        256         6         6       1085        32245     226     256     271K      113K       10K     97.40%
[2021.03.02-02.29.40:013][438]LogMemory:        288         5         5        854         9404     257     288     240K       80K       13K     95.94%
[2021.03.02-02.29.40:013][438]LogMemory:        320         3         3        493       200468     290     320     154K       38K        0K    100.00%
[2021.03.02-02.29.40:013][438]LogMemory:        384        24        24       3421       887855     322     384    1282K      248K      100K     93.49%
[2021.03.02-02.29.40:013][438]LogMemory:        448         5         7        538       200837     386     448     235K       85K       21K     93.44%
[2021.03.02-02.29.40:013][438]LogMemory:        512         7         7        596        19298     449     512     298K      150K       10K     97.77%
[2021.03.02-02.29.40:013][438]LogMemory:        576        33        33       3233        80041     514     576    1818K      280K      166K     92.14%
[2021.03.02-02.29.40:013][438]LogMemory:        640         8         8        644        18047     577     640     402K      108K       18K     96.48%
[2021.03.02-02.29.40:013][438]LogMemory:        704         9        10        588       129616     642     704     404K      172K       22K     96.18%
[2021.03.02-02.29.40:013][438]LogMemory:        768        10        10        563        67804     705     768     422K      216K       11K     98.28%
[2021.03.02-02.29.40:013][438]LogMemory:        896         5         5        218         1976     769     896     190K      130K        9K     97.19%
[2021.03.02-02.29.40:013][438]LogMemory:       1024        10        10        294      1376957     897    1024     294K      346K        3K     99.53%
[2021.03.02-02.29.40:013][438]LogMemory:       1168         8         9        325        76256    1025    1168     370K      141K       36K     92.97%
[2021.03.02-02.29.40:013][438]LogMemory:       1360         7         7        213        24017    1169    1360     282K      165K       11K     97.54%
[2021.03.02-02.29.40:014][438]LogMemory:       1632        14        14        409       107447    1361    1632     651K      242K       36K     95.98%
[2021.03.02-02.29.40:014][438]LogMemory:       2048        19        21        308        25938    1634    2048     616K      600K       89K     92.68%
[2021.03.02-02.29.40:014][438]LogMemory:       2336         6         6        127         3698    2050    2336     289K       95K       23K     94.01%
[2021.03.02-02.29.40:014][438]LogMemory:       2720         6         6         89          705    2340    2720     236K      147K       13K     96.61%
[2021.03.02-02.29.40:014][438]LogMemory:       3264        11        13        168         1732    2728    3264     535K      167K       36K     94.89%
[2021.03.02-02.29.40:014][438]LogMemory:       4096        22        29        278        64653    3270    4096    1112K      296K      201K     85.72%
[2021.03.02-02.29.40:014][438]LogMemory:       4672        13        16        110          995    4100    4672     501K      330K       18K     97.84%
[2021.03.02-02.29.40:014][438]LogMemory:       5456        17        24        128          725    4679    5451     682K      405K       56K     94.85%
[2021.03.02-02.29.40:014][438]LogMemory:       6544        22        23        161          567    5463    6540    1028K      378K       82K     94.18%
[2021.03.02-02.29.40:014][438]LogMemory:       8192        14        15         72        63680    6552    8192     576K      320K       83K     90.74%
[2021.03.02-02.29.40:014][438]LogMemory:       9360         9         9         52          166    8224    9360     475K      101K       29K     94.97%
[2021.03.02-02.29.40:014][438]LogMemory:      10912         7         7         36        63414    9361   10895     383K       65K       23K     94.87%
[2021.03.02-02.29.40:014][438]LogMemory:      13104        17        17         79          141   10922   13056    1010K       78K       87K     92.00%
[2021.03.02-02.29.40:014][438]LogMemory:      16384        16        18         53         3502   13109   16384     848K      176K        6K     99.41%
[2021.03.02-02.29.40:014][438]LogMemory:      21840        20        26         52          184   16400   21784    1109K      171K      171K     86.64%
[2021.03.02-02.29.40:014][438]LogMemory:      32768        17        34         27          184   21868   32640     864K      224K      231K     78.77%
[2021.03.02-02.29.40:014][438]LogMemory:      49152         7         8         22          287       0   49152    1056K      288K      322K     76.04%
[2021.03.02-02.29.40:014][438]LogMemory:      98304         2         3          8           26       0   97280     768K        0K      177K     76.95%
[2021.03.02-02.29.40:014][438]LogMemory: 
[2021.03.02-02.29.40:014][438]LogMemory: 38080K allocated in pools (with 7663K slack and 2552K waste). Efficiency 93.30%
[2021.03.02-02.29.40:014][438]LogMemory: Allocations 152180 Current / 30141577 Total (in 571 pools)
[2021.03.02-02.29.40:014][438]LogMemory: 
[2021.03.02-02.29.40:090][438]LogAIModule: Creating AISystem for world Minimal_Default
[2021.03.02-02.29.40:090][438]LogWorld: Game class is 'mouse_game_mode_C'
[2021.03.02-02.29.40:093][438]LogWorld: Bringing World /Game/StarterContent/Maps/Minimal_Default.Minimal_Default up for play (max tick rate 0) at 2021.03.01-18.29.40
[2021.03.02-02.29.40:094][438]LogWorld: Bringing up level for play took: 0.003533
[2021.03.02-02.29.40:096][438]LogLoad: Took 0.096287 seconds to LoadMap(/Game/StarterContent/Maps/Minimal_Default)
[2021.03.02-02.29.41:850][545]Closing by request
[2021.03.02-02.29.41:850][545]LogWindows: FPlatformMisc::RequestExit(0)
[2021.03.02-02.29.41:851][546]LogMoviePlayer: Shutting down movie player
[2021.03.02-02.29.42:650][546]LogSlate: Window 'MyFirstProject (64-bit, PCD3D_SM5)' being destroyed
[2021.03.02-02.29.42:651][546]LogWindowsTextInputMethodSystem:Display: IME system now deactivated.
[2021.03.02-02.29.42:729][546]LogExit: Preparing to exit.
[2021.03.02-02.29.42:760][546]LogExit: Game engine shut down
[2021.03.02-02.29.42:808][546]LogObj: Freed 32b from 1 cluster array pools.
[2021.03.02-02.29.42:808][546]LogExit: Object subsystem successfully closed.
[2021.03.02-02.29.42:815][546]LogD3D11RHI: Shutdown
[2021.03.02-02.29.42:815][546]LogD3D11RHI: CleanupD3DDevice
[2021.03.02-02.29.42:861][546]LogD3D11RHI: ~FD3D11DynamicRHI
[2021.03.02-02.29.42:861][546]LogModuleManager: Shutting down and abandoning module AutomationController (62)
[2021.03.02-02.29.42:861][546]LogModuleManager: Shutting down and abandoning module AutomationWorker (61)
[2021.03.02-02.29.42:861][546]LogModuleManager: Shutting down and abandoning module CharacterAI (60)
[2021.03.02-02.29.42:861][546]LogModuleManager: Shutting down and abandoning module SessionServices (59)
[2021.03.02-02.29.42:861][546]LogModuleManager: Shutting down and abandoning module GameplayDebugger (58)
[2021.03.02-02.29.42:861][546]LogModuleManager: Shutting down and abandoning module AIModule (57)
[2021.03.02-02.29.42:861][546]LogModuleManager: Shutting down and abandoning module StreamingPauseRendering (56)
[2021.03.02-02.29.42:861][546]LogModuleManager: Shutting down and abandoning module AnalyticsET (55)
[2021.03.02-02.29.42:861][546]LogModuleManager: Shutting down and abandoning module Analytics (54)
[2021.03.02-02.29.42:861][546]LogModuleManager: Shutting down and abandoning module ProfilerService (50)
[2021.03.02-02.29.42:929][546]LogModuleManager: Shutting down and abandoning module TaskGraph (49)
[2021.03.02-02.29.42:929][546]LogModuleManager: Shutting down and abandoning module HTML5Networking (48)
[2021.03.02-02.29.42:929][546]LogModuleManager: Shutting down and abandoning module ArchVisCharacter (47)
[2021.03.02-02.29.42:929][546]LogModuleManager: Shutting down and abandoning module CableComponent (46)
[2021.03.02-02.29.42:929][546]LogModuleManager: Shutting down and abandoning module CustomMeshComponent (45)
[2021.03.02-02.29.42:929][546]LogModuleManager: Shutting down and abandoning module OculusInput (44)
[2021.03.02-02.29.42:929][546]LogModuleManager: Shutting down and abandoning module OculusLibrary (43)
[2021.03.02-02.29.42:929][546]LogModuleManager: Shutting down and abandoning module ProceduralMeshComponent (42)
[2021.03.02-02.29.42:929][546]LogModuleManager: Shutting down and abandoning module SteamVRController (41)
[2021.03.02-02.29.42:929][546]LogModuleManager: Shutting down and abandoning module SteamVR (40)
[2021.03.02-02.29.42:929][546]LogModuleManager: Shutting down and abandoning module SlateRemote (39)
[2021.03.02-02.29.42:930][546]LogModuleManager: Shutting down and abandoning module Paper2D (38)
[2021.03.02-02.29.42:930][546]LogModuleManager: Shutting down and abandoning module LightPropagationVolumeRuntime (37)
[2021.03.02-02.29.42:930][546]LogModuleManager: Shutting down and abandoning module UdpMessaging (36)
[2021.03.02-02.29.42:930][546]LogModuleManager: Shutting down and abandoning module Media (35)
[2021.03.02-02.29.42:930][546]LogModuleManager: Shutting down and abandoning module WmfMedia (34)
[2021.03.02-02.29.42:930][546]LogModuleManager: Shutting down and abandoning module WindowsMoviePlayer (33)
[2021.03.02-02.29.42:930][546]LogModuleManager: Shutting down and abandoning module ImageWrapper (32)
[2021.03.02-02.29.42:931][546]LogModuleManager: Shutting down and abandoning module MediaAssets (31)
[2021.03.02-02.29.42:931][546]LogModuleManager: Shutting down and abandoning module GameLiveStreaming (30)
[2021.03.02-02.29.42:931][546]LogModuleManager: Shutting down and abandoning module UMG (29)
[2021.03.02-02.29.42:931][546]LogModuleManager: Shutting down and abandoning module SlateReflector (28)
[2021.03.02-02.29.42:931][546]LogModuleManager: Shutting down and abandoning module Slate (27)
[2021.03.02-02.29.42:931][546]LogModuleManager: Shutting down and abandoning module Messaging (26)
[2021.03.02-02.29.42:931][546]LogModuleManager: Shutting down and abandoning module HeadMountedDisplay (25)
[2021.03.02-02.29.42:931][546]LogModuleManager: Shutting down and abandoning module XAudio2 (24)
[2021.03.02-02.29.42:931][546]LogModuleManager: Shutting down and abandoning module Networking (22)
[2021.03.02-02.29.42:931][546]LogModuleManager: Shutting down and abandoning module Core (21)
[2021.03.02-02.29.42:931][546]LogModuleManager: Shutting down and abandoning module AssetRegistry (20)
[2021.03.02-02.29.42:933][546]LogModuleManager: Shutting down and abandoning module InputCore (19)
[2021.03.02-02.29.42:933][546]LogModuleManager: Shutting down and abandoning module OnlineSubsystem (17)
[2021.03.02-02.29.42:933][546]LogModuleManager: Shutting down and abandoning module HTTP (16)
[2021.03.02-02.29.47:461][546]LogModuleManager: Shutting down and abandoning module ExampleDeviceProfileSelector (15)
[2021.03.02-02.29.47:461][546]LogModuleManager: Shutting down and abandoning module OculusRift (14)
[2021.03.02-02.29.47:461][546]LogModuleManager: Shutting down and abandoning module ShaderCore (13)
[2021.03.02-02.29.47:461][546]LogModuleManager: Shutting down and abandoning module Landscape (12)
[2021.03.02-02.29.47:461][546]LogModuleManager: Shutting down and abandoning module SlateRHIRenderer (11)
[2021.03.02-02.29.47:462][546]LogModuleManager: Shutting down and abandoning module OpenGLDrv (10)
[2021.03.02-02.29.47:462][546]LogModuleManager: Shutting down and abandoning module D3D11RHI (9)
[2021.03.02-02.29.47:462][546]LogModuleManager: Shutting down and abandoning module AnimGraphRuntime (8)
[2021.03.02-02.29.47:462][546]LogModuleManager: Shutting down and abandoning module Renderer (7)
[2021.03.02-02.29.47:462][546]LogModuleManager: Shutting down and abandoning module Engine (6)
[2021.03.02-02.29.47:462][546]LogModuleManager: Shutting down and abandoning module CoreUObject (5)
[2021.03.02-02.29.47:462][546]LogModuleManager: Shutting down and abandoning module NetworkFile (4)
[2021.03.02-02.29.47:462][546]LogModuleManager: Shutting down and abandoning module StreamingFile (3)
[2021.03.02-02.29.47:462][546]LogModuleManager: Shutting down and abandoning module SandboxFile (2)
[2021.03.02-02.29.47:462][546]LogModuleManager: Shutting down and abandoning module PakFile (1)
[2021.03.02-02.29.47:463][546]LogExit: Exiting.
[2021.03.02-02.29.47:465][546]Log file closed, 03/01/21 18:29:47
