Log file open, 03/01/21 19:01:57
LogInit:Display: Running engine for game: MyFirstProject
LogInit:Display: Project file not found: ../../../MyFirstProject/MyFirstProject.uproject
LogInit:Display: 	Attempting to find via project info helper.
LogUProjectInfo: Found projects:
LogPlatformFile: Not using cached read wrapper
LogInit:Display: RandInit(103761820) SRandInit(103761825).
LogTaskGraph: Started task graph with 4 named threads and 5 total threads with 1 sets of task threads.
LogStats: Stats thread started at 0.814514
LogInit: Version: 4.12.5-3039270+++UE4+Release-4.12
LogInit: API Version: 2992821
LogInit: Net Version: 3039270
LogDevObjectVersion: Number of dev versions registered: 13
LogDevObjectVersion:   Dev-Blueprints (B0D832E4-1F89-4F0D-ACCF-7EB736FD4AA2): 3
LogDevObjectVersion:   Dev-Build (E1C64328-A22C-4D53-A36C-8E866417BD8C): 0
LogDevObjectVersion:   Dev-Core (375EC13C-06E4-48FB-B500-84F0262A717E): 1
LogDevObjectVersion:   Dev-Editor (E4B068ED-F494-42E9-A231-DA0B2E46BB41): 2
LogDevObjectVersion:   Dev-Framework (CFFC743F-43B0-4480-9391-14DF171D2073): 6
LogDevObjectVersion:   Dev-Mobile (B02B49B5-BB20-44E9-A304-32B752E40360): 0
LogDevObjectVersion:   Dev-Networking (A4E4105C-59A1-49B5-A7C5-40C4547EDFEE): 0
LogDevObjectVersion:   Dev-Online (39C831C9-5AE6-47DC-9A44-9C173E1C8E7C): 0
LogDevObjectVersion:   Dev-Physics (78F01B33-EBEA-4F98-B9B4-84EACCB95AA2): 0
LogDevObjectVersion:   Dev-Platform (6631380F-2D4D-43E0-8009-CF276956A95A): 0
LogDevObjectVersion:   Dev-Rendering (12F88B9F-8875-4AFC-A67C-D90C383ABD29): 2
LogDevObjectVersion:   Dev-Sequencer (7B5AE74C-D270-4C10-A958-57980B212A5A): 0
LogDevObjectVersion:   Dev-VR (D7296918-1DD6-4BDD-9DE2-64A83CC13884): 0
LogInit: Compiled (64-bit): Jul  6 2016 09:06:15
LogInit: Compiled with Visual C++: 19.00.23026.00
LogInit: Build Configuration: Development
LogInit: Branch Name: ++UE4+Release-4.12
LogInit: Command line:  
LogInit: Base directory: E:/Unreal-Checkers/Engine/Binaries/Win64/
LogInit: Installed Engine Build: 0
LogInit: Using libcurl 7.41.0
LogInit:  - built for x86_64-pc-win32
LogInit:  - supports SSL with WinSSL
LogInit:  - other features:
LogInit:      CURL_VERSION_SSL
LogInit:      CURL_VERSION_IPV6
LogInit:      CURL_VERSION_ASYNCHDNS
LogInit:      CURL_VERSION_LARGEFILE
LogInit:      CURL_VERSION_IDN
LogInit:  CurlRequestOptions (configurable via config and command line):
LogInit:  - bVerifyPeer = true  - Libcurl will verify peer certificate
LogInit:  - bUseHttpProxy = false  - Libcurl will NOT use HTTP proxy
LogInit:  - bDontReuseConnections = false  - Libcurl will reuse connections
LogInit:  - CertBundlePath = nullptr  - Libcurl will use whatever was configured at build time.
LogInit: Presizing for max 2097152 objects, including 0 objects not considered by GC, pre-allocating 0 bytes for permanent pool.
LogInit: Object subsystem initialized
[2021.03.02-03.01.57:801][  0]LogInit: Selected Device Profile: [WindowsNoEditor]
[2021.03.02-03.01.57:801][  0]LogInit: Applying CVar settings loaded from the selected device profile: [WindowsNoEditor]
[2021.03.02-03.01.57:848][  0]LogInit: Computer: DESKTOP-3LTELPB
[2021.03.02-03.01.57:848][  0]LogInit: User: danme
[2021.03.02-03.01.57:848][  0]LogInit: CPU Page size=65536, Cores=2
[2021.03.02-03.01.57:848][  0]LogInit: High frequency timer resolution =10.000000 MHz
[2021.03.02-03.01.57:848][  0]LogMemory: Memory total: Physical=7.9GB (8GB approx)
[2021.03.02-03.01.57:848][  0]LogMemory: Platform Memory Stats for WindowsNoEditor
[2021.03.02-03.01.57:848][  0]LogMemory: Process Physical Memory: 70.22 MB used, 70.22 MB peak
[2021.03.02-03.01.57:848][  0]LogMemory: Process Virtual Memory: 83.68 MB used, 83.68 MB peak
[2021.03.02-03.01.57:848][  0]LogMemory: Physical Memory: 3456.75 MB used, 8057.88 MB total
[2021.03.02-03.01.57:848][  0]LogMemory: Virtual Memory: 4426.58 MB used, 134217728.00 MB total
[2021.03.02-03.02.04:561][  0]LogTextLocalizationManager: No specific translations for ('en-US') exist, so ('en') translations will be used.
[2021.03.02-03.02.06:059][  0]LogD3D11RHI: D3D11 adapters:
[2021.03.02-03.02.10:026][  0]LogD3D11RHI:    0. 'Intel(R) HD Graphics 620' (Feature Level 11_0)
[2021.03.02-03.02.10:026][  0]LogD3D11RHI:       128/0/4028 MB DedicatedVideo/DedicatedSystem/SharedSystem, Outputs:1, VendorId:0x8086
[2021.03.02-03.02.11:116][  0]LogD3D11RHI:    1. 'Microsoft Basic Render Driver' (Feature Level 11_0)
[2021.03.02-03.02.11:116][  0]LogD3D11RHI:       0/0/4028 MB DedicatedVideo/DedicatedSystem/SharedSystem, Outputs:0, VendorId:0x1414
[2021.03.02-03.02.11:117][  0]LogD3D11RHI: Chosen D3D11 Adapter: 0
[2021.03.02-03.02.11:136][  0]LogD3D11RHI: Creating new Direct3DDevice
[2021.03.02-03.02.11:137][  0]LogD3D11RHI:     GPU DeviceId: 0x5916 (for the marketing name, search the web for "GPU Device Id")
[2021.03.02-03.02.11:138][  0]LogWindows: EnumDisplayDevices:
[2021.03.02-03.02.11:138][  0]LogWindows:    0. 'Intel(R) HD Graphics 620' (P:1 D:1)
[2021.03.02-03.02.11:139][  0]LogWindows:    1. 'Intel(R) HD Graphics 620' (P:0 D:0)
[2021.03.02-03.02.11:140][  0]LogWindows:    2. 'Intel(R) HD Graphics 620' (P:0 D:0)
[2021.03.02-03.02.11:141][  0]LogWindows: DebugString: GetVideoDriverDetailsInvalid PrimaryIsNotTheChoosenAdapter GetVideoDriverDetailsInvalid PrimaryIsNotTheChoosenAdapter GetVideoDriverDetailsInvalid PrimaryIsNotTheChoosenAdapter FoundDriverCount:0 
[2021.03.02-03.02.11:141][  0]LogD3D11RHI:     Adapter Name: Intel(R) HD Graphics 620
[2021.03.02-03.02.11:141][  0]LogD3D11RHI:   Driver Version: Unknown (internal:Unknown, unified:Unknown)
[2021.03.02-03.02.11:141][  0]LogD3D11RHI:      Driver Date: Unknown
[2021.03.02-03.02.11:141][  0]LogRHI: Texture pool is 1361 MB (70% of 1945 MB)
[2021.03.02-03.02.11:190][  0]LogD3D11RHI: Async texture creation enabled
[2021.03.02-03.02.13:596][  0]LogD3D11RHI: GPU Timing Frequency: 12.000048 (Debug: 2 0)
[2021.03.02-03.02.13:992][  0]LogAssetRegistry: FAssetRegistry took 0.0223 seconds to start up
[2021.03.02-03.02.14:000][  0]LogPackageLocalizationCache: Processed 3 localized package path(s) for 2 prioritized culture(s) in 0.007069 seconds
[2021.03.02-03.02.14:033][  0]LogContentStreaming: Texture pool size is 1000.00 MB
[2021.03.02-03.02.14:033][  0]LogInit: Selected Device Profile: [WindowsNoEditor]
[2021.03.02-03.02.15:108][  0]LogInit: WinSock: version 1.1 (2.2), MaxSocks=32767, MaxUdp=65467
[2021.03.02-03.02.15:128][  0]LogSlate: SlateFontCache - WITH_FREETYPE: 1, WITH_HARFBUZZ: 1
[2021.03.02-03.02.15:129][  0]LogSlate: SlateFontCache - WITH_FREETYPE: 1, WITH_HARFBUZZ: 1
[2021.03.02-03.02.18:875][  0]LogMoviePlayer: Initializing movie player
[2021.03.02-03.02.25:109][  0]LogWindowsMoviePlayer: Unable to load movie: ../../../MyFirstProject/Content/Movies/Default_Startup.mp4
[2021.03.02-03.02.25:984][  0]LogUObjectArray: 27472 objects as part of root set at end of initial load.
[2021.03.02-03.02.25:984][  0]LogUObjectAllocator: 5680928 out of 0 bytes used by permanent object pool.
[2021.03.02-03.02.25:984][  0]LogUObjectArray: CloseDisregardForGC: 0/0 objects in disregard for GC pool
[2021.03.02-03.02.25:996][  0]LogEngine: Initializing Engine...
[2021.03.02-03.02.27:312][  0]LogHMD: SteamVR failed to initialize.  Err: 110
[2021.03.02-03.02.27:317][  0]LogHMD: SteamVR failed to initialize.  Err: 110
[2021.03.02-03.02.29:836][  0]LogInit: XAudio2 using 'Speakers / Headphones (Realtek Audio)' : 2 channels at 48 kHz using 32 bits per sample (channel mask 0x3)
[2021.03.02-03.02.33:115][  0]LogInit: FAudioDevice initialized.
[2021.03.02-03.02.33:116][  0]LogInit: Texture streaming: Enabled
[2021.03.02-03.02.33:209][  0]LogModuleManager:Warning: ModuleManager: Module 'MessagingRpc' not found - its StaticallyLinkedModuleInitializers function is null.
[2021.03.02-03.02.33:210][  0]LogModuleManager:Warning: ModuleManager: Module 'PortalRpc' not found - its StaticallyLinkedModuleInitializers function is null.
[2021.03.02-03.02.33:210][  0]LogModuleManager:Warning: ModuleManager: Module 'PortalServices' not found - its StaticallyLinkedModuleInitializers function is null.
[2021.03.02-03.02.33:615][  0]LogNet: Browse: /Game/StarterContent/Maps/Minimal_Default?Name=Player
[2021.03.02-03.02.33:616][  0]LogLoad: LoadMap: /Game/StarterContent/Maps/Minimal_Default?Name=Player
[2021.03.02-03.02.33:671][  0]LogMemory: Platform Memory Stats for WindowsNoEditor
[2021.03.02-03.02.33:671][  0]LogMemory: Process Physical Memory: 203.89 MB used, 203.89 MB peak
[2021.03.02-03.02.33:671][  0]LogMemory: Process Virtual Memory: 257.53 MB used, 257.53 MB peak
[2021.03.02-03.02.33:671][  0]LogMemory: Physical Memory: 3707.66 MB used, 8057.88 MB total
[2021.03.02-03.02.33:671][  0]LogMemory: Virtual Memory: 4808.87 MB used, 134217728.00 MB total
[2021.03.02-03.02.33:671][  0]LogMemory: 
[2021.03.02-03.02.33:672][  0]LogMemory: Allocator Stats for binned:
[2021.03.02-03.02.33:672][  0]LogMemory: Current Memory 77.67 MB used, plus 5.77 MB waste
[2021.03.02-03.02.33:672][  0]LogMemory: Peak Memory 79.95 MB used, plus 5.05 MB waste
[2021.03.02-03.02.33:672][  0]LogMemory: Current OS Memory 83.44 MB, peak 85.00 MB
[2021.03.02-03.02.33:672][  0]LogMemory: Current Waste 1.25 MB, peak 1.56 MB
[2021.03.02-03.02.33:672][  0]LogMemory: Current Used 77.67 MB, peak 79.95 MB
[2021.03.02-03.02.33:672][  0]LogMemory: Current Slack 4.52 MB
[2021.03.02-03.02.33:672][  0]LogMemory: Allocs       145047 Current /  882698 Total
[2021.03.02-03.02.33:672][  0]LogMemory: 
[2021.03.02-03.02.33:672][  0]LogMemory: Block Size Num Pools Max Pools Cur Allocs Total Allocs Min Req Max Req Mem Used Mem Slack Mem Waste Efficiency
[2021.03.02-03.02.33:672][  0]LogMemory: ---------- --------- --------- ---------- ------------ ------- ------- -------- --------- --------- ----------
[2021.03.02-03.02.33:672][  0]LogMemory:          8         0         0          0            0       8       0       0K        0K        0K    100.00%
[2021.03.02-03.02.33:672][  0]LogMemory:         16         7         7      23537       281395      16      16     367K       81K        0K    100.00%
[2021.03.02-03.02.33:672][  0]LogMemory:         32        12        12      22566        88630      17      32     705K       63K       65K     91.54%
[2021.03.02-03.02.33:672][  0]LogMemory:         48         8         8       9754        43643      33      48     457K       55K       53K     89.65%
[2021.03.02-03.02.33:672][  0]LogMemory:         64        21        21      20709        90598      49      64    1294K       50K      132K     90.18%
[2021.03.02-03.02.33:672][  0]LogMemory:         80        11        11       8761        78533      65      80     684K       20K       38K     94.60%
[2021.03.02-03.02.33:672][  0]LogMemory:         96         5         5       3288        58888      81      96     308K       12K       26K     91.88%
[2021.03.02-03.02.33:672][  0]LogMemory:        112         4         5       2227        26188      97     112     243K       13K       19K     92.58%
[2021.03.02-03.02.33:672][  0]LogMemory:        128        18        18       8635        27293     114     128    1079K       73K       33K     97.14%
[2021.03.02-03.02.33:672][  0]LogMemory:        160        54        54      21882        76593     129     160    3419K       32K      315K     90.89%
[2021.03.02-03.02.33:672][  0]LogMemory:        192        24        24       7790        22101     161     192    1460K       75K      106K     93.10%
[2021.03.02-03.02.33:672][  0]LogMemory:        224         5         5       1286        12937     193     224     281K       39K       19K     94.06%
[2021.03.02-03.02.33:672][  0]LogMemory:        256         4         4        966        19627     226     256     241K       15K       16K     93.75%
[2021.03.02-03.02.33:672][  0]LogMemory:        288         4         4        834         7160     257     288     234K       22K       13K     94.92%
[2021.03.02-03.02.33:672][  0]LogMemory:        320         3         3        489        10335     290     320     152K       40K        3K     98.44%
[2021.03.02-03.02.33:672][  0]LogMemory:        384        20        20       3347        10408     322     384    1255K       20K      113K     91.17%
[2021.03.02-03.02.33:672][  0]LogMemory:        448         4         4        528         2982     386     448     231K       25K       18K     92.97%
[2021.03.02-03.02.33:672][  0]LogMemory:        512         5         5        589         3171     450     512     294K       26K        8K     97.50%
[2021.03.02-03.02.33:672][  0]LogMemory:        576        30        31       3183         5756     514     576    1790K      117K       96K     95.00%
[2021.03.02-03.02.33:672][  0]LogMemory:        640         8         8        639         1179     578     640     399K      111K       24K     95.31%
[2021.03.02-03.02.33:672][  0]LogMemory:        704         9         9        573         1313     642     704     393K      183K       23K     96.01%
[2021.03.02-03.02.33:672][  0]LogMemory:        768        10        10        543         1084     705     768     407K      231K        6K     99.06%
[2021.03.02-03.02.33:672][  0]LogMemory:        896         4         4        196          591     769     896     171K       85K        9K     96.48%
[2021.03.02-03.02.33:672][  0]LogMemory:       1024         7         8        284          876     898    1024     284K      164K       14K     96.88%
[2021.03.02-03.02.33:672][  0]LogMemory:       1168         6         6        290          667    1025    1168     330K       54K       25K     93.49%
[2021.03.02-03.02.33:672][  0]LogMemory:       1360         5         5        198         1086    1171    1360     262K       57K       27K     91.56%
[2021.03.02-03.02.33:672][  0]LogMemory:       1632        11        11        393          761    1361    1632     626K       76K       47K     93.32%
[2021.03.02-03.02.33:672][  0]LogMemory:       2048        12        13        273         1441    1635    2048     546K      222K       47K     93.88%
[2021.03.02-03.02.33:672][  0]LogMemory:       2336         5         6        121         1818    2050    2336     276K       44K       30K     90.63%
[2021.03.02-03.02.33:672][  0]LogMemory:       2720         4         4         80          454    2342    2717     212K       43K       11K     95.70%
[2021.03.02-03.02.33:672][  0]LogMemory:       3264        10        13        141         1251    2728    3264     449K      189K       29K     95.47%
[2021.03.02-03.02.33:672][  0]LogMemory:       4096        22        29        207          805    3270    4096     828K      580K       73K     94.82%
[2021.03.02-03.02.33:672][  0]LogMemory:       4672        13        16        107          402    4103    4672     488K      343K       26K     96.88%
[2021.03.02-03.02.33:672][  0]LogMemory:       5456        17        24        103          405    4679    5451     548K      539K       47K     95.68%
[2021.03.02-03.02.33:672][  0]LogMemory:       6544        18        21        130          380    5463    6540     830K      321K       66K     94.27%
[2021.03.02-03.02.33:672][  0]LogMemory:       8192        13        14         64          927    6553    8192     512K      320K       39K     95.31%
[2021.03.02-03.02.33:672][  0]LogMemory:       9360         7         8         46          108    8224    9360     420K       28K       24K     94.64%
[2021.03.02-03.02.33:672][  0]LogMemory:      10912         7         7         37           67    9361   10895     394K       54K       39K     91.29%
[2021.03.02-03.02.33:672][  0]LogMemory:      13104        12        12         58           91   10922   13056     742K       26K       61K     92.06%
[2021.03.02-03.02.33:672][  0]LogMemory:      16384        11        13         41          162   13109   16384     656K       48K       48K     93.18%
[2021.03.02-03.02.33:673][  0]LogMemory:      21840        17        19         50          109   16400   21063    1066K       22K      174K     84.01%
[2021.03.02-03.02.33:673][  0]LogMemory:      32768        11        13         21           76   21904   32640     672K       32K      147K     79.12%
[2021.03.02-03.02.33:673][  0]LogMemory:      49152         4         5         14          225       0   49152     672K       96K      207K     73.05%
[2021.03.02-03.02.33:673][  0]LogMemory:      98304         2         3          8           20       0   97280     768K        0K      177K     76.95%
[2021.03.02-03.02.33:673][  0]LogMemory: 
[2021.03.02-03.02.33:673][  0]LogMemory: 32128K allocated in pools (with 4646K slack and 2493K waste). Efficiency 92.24%
[2021.03.02-03.02.33:673][  0]LogMemory: Allocations 144989 Current / 882537 Total (in 484 pools)
[2021.03.02-03.02.33:673][  0]LogMemory: 
[2021.03.02-03.02.34:422][  0]LogAIModule: Creating AISystem for world Minimal_Default
[2021.03.02-03.02.34:422][  0]LogWorld: Game class is 'mouse_game_mode_C'
[2021.03.02-03.02.34:458][  0]LogWorld: Bringing World /Game/StarterContent/Maps/Minimal_Default.Minimal_Default up for play (max tick rate 0) at 2021.03.01-19.02.34
[2021.03.02-03.02.34:475][  0]LogWorld: Bringing up level for play took: 0.050993
[2021.03.02-03.02.34:483][  0]LogLoad: Took 0.867266 seconds to LoadMap(/Game/StarterContent/Maps/Minimal_Default)
[2021.03.02-03.02.34:483][  0]LogInit:Display: Game Engine Initialized.
[2021.03.02-03.02.34:690][  0]LogLoad: Full Startup: 38.69 seconds (BP compile: 0.00 seconds)
[2021.03.02-03.02.34:690][  0]LogExternalProfiler: No external profilers were discovered.  External profiling features will not be available.
[2021.03.02-03.02.34:709][  0]LogOcInput: OculusInput pre-init called
[2021.03.02-03.02.35:121][  0]LogRenderer: Reallocating scene render targets to support 128x128 (Frame:1).
[2021.03.02-03.06.25:004][  1]LogRenderer: Reallocating scene render targets to support 1368x768 (Frame:2).
[2021.03.02-03.08.00:943][  2]Closing by request
[2021.03.02-03.08.00:943][  2]LogWindows: FPlatformMisc::RequestExit(0)
[2021.03.02-03.08.00:944][  2]Closing by request
[2021.03.02-03.08.00:944][  2]LogWindows: FPlatformMisc::RequestExit(0)
[2021.03.02-03.08.05:023][  3]LogMoviePlayer: Shutting down movie player
[2021.03.02-03.08.05:534][  3]LogSlate: Window 'MyFirstProject (64-bit, PCD3D_SM5)' being destroyed
[2021.03.02-03.08.05:536][  3]LogWindowsTextInputMethodSystem:Display: IME system now deactivated.
[2021.03.02-03.08.05:907][  3]LogExit: Preparing to exit.
[2021.03.02-03.08.06:012][  3]LogExit: Game engine shut down
[2021.03.02-03.08.06:107][  3]LogObj: Freed 32b from 1 cluster array pools.
[2021.03.02-03.08.06:107][  3]LogExit: Object subsystem successfully closed.
[2021.03.02-03.08.06:576][  3]LogD3D11RHI: Shutdown
[2021.03.02-03.08.06:576][  3]LogD3D11RHI: CleanupD3DDevice
[2021.03.02-03.08.06:816][  3]LogD3D11RHI: ~FD3D11DynamicRHI
[2021.03.02-03.08.06:816][  3]LogModuleManager: Shutting down and abandoning module AutomationController (62)
[2021.03.02-03.08.06:816][  3]LogModuleManager: Shutting down and abandoning module AutomationWorker (61)
[2021.03.02-03.08.06:816][  3]LogModuleManager: Shutting down and abandoning module CharacterAI (60)
[2021.03.02-03.08.06:816][  3]LogModuleManager: Shutting down and abandoning module SessionServices (59)
[2021.03.02-03.08.06:816][  3]LogModuleManager: Shutting down and abandoning module GameplayDebugger (58)
[2021.03.02-03.08.06:816][  3]LogModuleManager: Shutting down and abandoning module AIModule (57)
[2021.03.02-03.08.06:816][  3]LogModuleManager: Shutting down and abandoning module StreamingPauseRendering (56)
[2021.03.02-03.08.06:816][  3]LogModuleManager: Shutting down and abandoning module AnalyticsET (55)
[2021.03.02-03.08.06:816][  3]LogModuleManager: Shutting down and abandoning module Analytics (54)
[2021.03.02-03.08.06:816][  3]LogModuleManager: Shutting down and abandoning module ProfilerService (50)
[2021.03.02-03.08.06:882][  3]LogModuleManager: Shutting down and abandoning module TaskGraph (49)
[2021.03.02-03.08.06:882][  3]LogModuleManager: Shutting down and abandoning module HTML5Networking (48)
[2021.03.02-03.08.06:882][  3]LogModuleManager: Shutting down and abandoning module ArchVisCharacter (47)
[2021.03.02-03.08.06:882][  3]LogModuleManager: Shutting down and abandoning module CableComponent (46)
[2021.03.02-03.08.06:882][  3]LogModuleManager: Shutting down and abandoning module CustomMeshComponent (45)
[2021.03.02-03.08.06:882][  3]LogModuleManager: Shutting down and abandoning module OculusInput (44)
[2021.03.02-03.08.06:882][  3]LogModuleManager: Shutting down and abandoning module OculusLibrary (43)
[2021.03.02-03.08.06:882][  3]LogModuleManager: Shutting down and abandoning module ProceduralMeshComponent (42)
[2021.03.02-03.08.06:882][  3]LogModuleManager: Shutting down and abandoning module SteamVRController (41)
[2021.03.02-03.08.06:882][  3]LogModuleManager: Shutting down and abandoning module SteamVR (40)
[2021.03.02-03.08.06:882][  3]LogModuleManager: Shutting down and abandoning module SlateRemote (39)
[2021.03.02-03.08.06:882][  3]LogModuleManager: Shutting down and abandoning module Paper2D (38)
[2021.03.02-03.08.06:882][  3]LogModuleManager: Shutting down and abandoning module LightPropagationVolumeRuntime (37)
[2021.03.02-03.08.06:882][  3]LogModuleManager: Shutting down and abandoning module UdpMessaging (36)
[2021.03.02-03.08.06:882][  3]LogModuleManager: Shutting down and abandoning module Media (35)
[2021.03.02-03.08.06:882][  3]LogModuleManager: Shutting down and abandoning module WmfMedia (34)
[2021.03.02-03.08.06:882][  3]LogModuleManager: Shutting down and abandoning module WindowsMoviePlayer (33)
[2021.03.02-03.08.06:883][  3]LogModuleManager: Shutting down and abandoning module ImageWrapper (32)
[2021.03.02-03.08.06:883][  3]LogModuleManager: Shutting down and abandoning module MediaAssets (31)
[2021.03.02-03.08.06:883][  3]LogModuleManager: Shutting down and abandoning module GameLiveStreaming (30)
[2021.03.02-03.08.06:883][  3]LogModuleManager: Shutting down and abandoning module UMG (29)
[2021.03.02-03.08.06:883][  3]LogModuleManager: Shutting down and abandoning module SlateReflector (28)
[2021.03.02-03.08.06:883][  3]LogModuleManager: Shutting down and abandoning module Slate (27)
[2021.03.02-03.08.06:883][  3]LogModuleManager: Shutting down and abandoning module Messaging (26)
[2021.03.02-03.08.06:884][  3]LogModuleManager: Shutting down and abandoning module HeadMountedDisplay (25)
[2021.03.02-03.08.06:884][  3]LogModuleManager: Shutting down and abandoning module XAudio2 (24)
[2021.03.02-03.08.06:884][  3]LogModuleManager: Shutting down and abandoning module Networking (22)
[2021.03.02-03.08.06:884][  3]LogModuleManager: Shutting down and abandoning module Core (21)
[2021.03.02-03.08.06:884][  3]LogModuleManager: Shutting down and abandoning module AssetRegistry (20)
[2021.03.02-03.08.06:884][  3]LogModuleManager: Shutting down and abandoning module InputCore (19)
[2021.03.02-03.08.06:884][  3]LogModuleManager: Shutting down and abandoning module OnlineSubsystem (17)
[2021.03.02-03.08.06:884][  3]LogModuleManager: Shutting down and abandoning module HTTP (16)
[2021.03.02-03.08.12:478][  3]LogModuleManager: Shutting down and abandoning module ExampleDeviceProfileSelector (15)
[2021.03.02-03.08.12:478][  3]LogModuleManager: Shutting down and abandoning module OculusRift (14)
[2021.03.02-03.08.12:479][  3]LogModuleManager: Shutting down and abandoning module ShaderCore (13)
[2021.03.02-03.08.12:479][  3]LogModuleManager: Shutting down and abandoning module Landscape (12)
[2021.03.02-03.08.12:479][  3]LogModuleManager: Shutting down and abandoning module SlateRHIRenderer (11)
[2021.03.02-03.08.12:480][  3]LogModuleManager: Shutting down and abandoning module OpenGLDrv (10)
[2021.03.02-03.08.12:480][  3]LogModuleManager: Shutting down and abandoning module D3D11RHI (9)
[2021.03.02-03.08.12:480][  3]LogModuleManager: Shutting down and abandoning module AnimGraphRuntime (8)
[2021.03.02-03.08.12:480][  3]LogModuleManager: Shutting down and abandoning module Renderer (7)
[2021.03.02-03.08.12:480][  3]LogModuleManager: Shutting down and abandoning module Engine (6)
[2021.03.02-03.08.12:480][  3]LogModuleManager: Shutting down and abandoning module CoreUObject (5)
[2021.03.02-03.08.12:480][  3]LogModuleManager: Shutting down and abandoning module NetworkFile (4)
[2021.03.02-03.08.12:480][  3]LogModuleManager: Shutting down and abandoning module StreamingFile (3)
[2021.03.02-03.08.12:480][  3]LogModuleManager: Shutting down and abandoning module SandboxFile (2)
[2021.03.02-03.08.12:480][  3]LogModuleManager: Shutting down and abandoning module PakFile (1)
[2021.03.02-03.08.12:481][  3]LogExit: Exiting.
[2021.03.02-03.08.12:485][  3]Log file closed, 03/01/21 19:08:12
