Log file open, 03/01/21 15:26:56
LogInit:Display: Running engine for game: MyFirstProject
LogInit:Display: Project file not found: ../../../MyFirstProject/MyFirstProject.uproject
LogInit:Display: 	Attempting to find via project info helper.
LogUProjectInfo: Found projects:
LogPlatformFile: Not using cached read wrapper
LogInit:Display: RandInit(1622376963) SRandInit(1622376965).
LogTaskGraph: Started task graph with 4 named threads and 7 total threads with 1 sets of task threads.
LogStats: Stats thread started at 2.044571
LogInit: Version: 4.12.5-3039270+++UE4+Release-4.12
LogInit: API Version: 2992821
LogInit: Net Version: 3039270
LogDevObjectVersion: Number of dev versions registered: 13
LogDevObjectVersion:   Dev-Blueprints (B0D832E4-1F89-4F0D-ACCF-7EB736FD4AA2): 3
LogDevObjectVersion:   Dev-Build (E1C64328-A22C-4D53-A36C-8E866417BD8C): 0
LogDevObjectVersion:   Dev-Core (375EC13C-06E4-48FB-B500-84F0262A717E): 1
LogDevObjectVersion:   Dev-Editor (E4B068ED-F494-42E9-A231-DA0B2E46BB41): 2
LogDevObjectVersion:   Dev-Framework (CFFC743F-43B0-4480-9391-14DF171D2073): 6
LogDevObjectVersion:   Dev-Mobile (B02B49B5-BB20-44E9-A304-32B752E40360): 0
LogDevObjectVersion:   Dev-Networking (A4E4105C-59A1-49B5-A7C5-40C4547EDFEE): 0
LogDevObjectVersion:   Dev-Online (39C831C9-5AE6-47DC-9A44-9C173E1C8E7C): 0
LogDevObjectVersion:   Dev-Physics (78F01B33-EBEA-4F98-B9B4-84EACCB95AA2): 0
LogDevObjectVersion:   Dev-Platform (6631380F-2D4D-43E0-8009-CF276956A95A): 0
LogDevObjectVersion:   Dev-Rendering (12F88B9F-8875-4AFC-A67C-D90C383ABD29): 2
LogDevObjectVersion:   Dev-Sequencer (7B5AE74C-D270-4C10-A958-57980B212A5A): 0
LogDevObjectVersion:   Dev-VR (D7296918-1DD6-4BDD-9DE2-64A83CC13884): 0
LogInit: Compiled (64-bit): Jul  6 2016 09:06:15
LogInit: Compiled with Visual C++: 19.00.23026.00
LogInit: Build Configuration: Development
LogInit: Branch Name: ++UE4+Release-4.12
LogInit: Command line:  
LogInit: Base directory: C:/Users/Dan/Desktop/WindowsNoEditor/Engine/Binaries/Win64/
LogInit: Installed Engine Build: 0
LogInit: Using libcurl 7.41.0
LogInit:  - built for x86_64-pc-win32
LogInit:  - supports SSL with WinSSL
LogInit:  - other features:
LogInit:      CURL_VERSION_SSL
LogInit:      CURL_VERSION_IPV6
LogInit:      CURL_VERSION_ASYNCHDNS
LogInit:      CURL_VERSION_LARGEFILE
LogInit:      CURL_VERSION_IDN
LogInit:  CurlRequestOptions (configurable via config and command line):
LogInit:  - bVerifyPeer = true  - Libcurl will verify peer certificate
LogInit:  - bUseHttpProxy = false  - Libcurl will NOT use HTTP proxy
LogInit:  - bDontReuseConnections = false  - Libcurl will reuse connections
LogInit:  - CertBundlePath = nullptr  - Libcurl will use whatever was configured at build time.
LogInit: Presizing for max 2097152 objects, including 0 objects not considered by GC, pre-allocating 0 bytes for permanent pool.
LogInit: Object subsystem initialized
[2021.03.01-23.26.56:296][  0]LogInit: Selected Device Profile: [WindowsNoEditor]
[2021.03.01-23.26.56:296][  0]LogInit: Applying CVar settings loaded from the selected device profile: [WindowsNoEditor]
[2021.03.01-23.26.56:303][  0]LogInit: Computer: PREDATOR
[2021.03.01-23.26.56:303][  0]LogInit: User: Dan
[2021.03.01-23.26.56:303][  0]LogInit: CPU Page size=65536, Cores=4
[2021.03.01-23.26.56:303][  0]LogInit: High frequency timer resolution =3.312658 MHz
[2021.03.01-23.26.56:303][  0]LogMemory: Memory total: Physical=15.9GB (16GB approx)
[2021.03.01-23.26.56:303][  0]LogMemory: Platform Memory Stats for WindowsNoEditor
[2021.03.01-23.26.56:303][  0]LogMemory: Process Physical Memory: 66.31 MB used, 66.31 MB peak
[2021.03.01-23.26.56:303][  0]LogMemory: Process Virtual Memory: 83.94 MB used, 83.94 MB peak
[2021.03.01-23.26.56:303][  0]LogMemory: Physical Memory: 10804.84 MB used, 16303.59 MB total
[2021.03.01-23.26.56:303][  0]LogMemory: Virtual Memory: 287.43 MB used, 134217728.00 MB total
[2021.03.01-23.26.56:764][  0]LogTextLocalizationManager: No specific translations for ('en-US') exist, so ('en') translations will be used.
[2021.03.01-23.26.56:816][  0]LogD3D11RHI: D3D11 adapters:
[2021.03.01-23.26.56:858][  0]LogD3D11RHI:    0. 'NVIDIA GeForce GTX 760 (192-bit)' (Feature Level 11_0)
[2021.03.01-23.26.56:858][  0]LogD3D11RHI:       1436/0/2560 MB DedicatedVideo/DedicatedSystem/SharedSystem, Outputs:1, VendorId:0x10de
[2021.03.01-23.26.56:860][  0]LogD3D11RHI:    1. 'Microsoft Basic Render Driver' (Feature Level 11_0)
[2021.03.01-23.26.56:860][  0]LogD3D11RHI:       0/0/256 MB DedicatedVideo/DedicatedSystem/SharedSystem, Outputs:0, VendorId:0x1414
[2021.03.01-23.26.56:860][  0]LogD3D11RHI: Chosen D3D11 Adapter: 0
[2021.03.01-23.26.57:536][  0]LogD3D11RHI: Creating new Direct3DDevice
[2021.03.01-23.26.57:536][  0]LogD3D11RHI:     GPU DeviceId: 0x118e (for the marketing name, search the web for "GPU Device Id")
[2021.03.01-23.26.57:536][  0]LogWindows: EnumDisplayDevices:
[2021.03.01-23.26.57:536][  0]LogWindows:    0. 'NVIDIA GeForce GTX 760 (192-bit)' (P:1 D:1)
[2021.03.01-23.26.57:536][  0]LogWindows:    1. 'NVIDIA GeForce GTX 760 (192-bit)' (P:0 D:0)
[2021.03.01-23.26.57:536][  0]LogWindows:    2. 'NVIDIA GeForce GTX 760 (192-bit)' (P:0 D:0)
[2021.03.01-23.26.57:536][  0]LogWindows:    3. 'NVIDIA GeForce GTX 760 (192-bit)' (P:0 D:0)
[2021.03.01-23.26.57:536][  0]LogWindows: DebugString: FoundDriverCount:4 
[2021.03.01-23.26.57:536][  0]LogD3D11RHI:     Adapter Name: NVIDIA GeForce GTX 760 (192-bit)
[2021.03.01-23.26.57:536][  0]LogD3D11RHI:   Driver Version: 430.64 (internal:26.21.14.3064, unified:430.64)
[2021.03.01-23.26.57:536][  0]LogD3D11RHI:      Driver Date: 5-5-2019
[2021.03.01-23.26.57:536][  0]LogRHI: Texture pool is 1005 MB (70% of 1436 MB)
[2021.03.01-23.26.57:555][  0]LogD3D11RHI: Async texture creation enabled
[2021.03.01-23.26.57:575][  0]LogD3D11RHI: GPU Timing Frequency: 1000.000000 (Debug: 2 2)
[2021.03.01-23.26.57:656][  0]LogAssetRegistry: FAssetRegistry took 0.0053 seconds to start up
[2021.03.01-23.26.57:659][  0]LogPackageLocalizationCache: Processed 3 localized package path(s) for 2 prioritized culture(s) in 0.002157 seconds
[2021.03.01-23.26.57:664][  0]LogContentStreaming: Texture pool size is 1000.00 MB
[2021.03.01-23.26.57:664][  0]LogInit: Selected Device Profile: [WindowsNoEditor]
[2021.03.01-23.26.57:743][  0]LogInit: WinSock: version 1.1 (2.2), MaxSocks=32767, MaxUdp=65467
[2021.03.01-23.26.57:754][  0]LogSlate: SlateFontCache - WITH_FREETYPE: 1, WITH_HARFBUZZ: 1
[2021.03.01-23.26.57:755][  0]LogSlate: SlateFontCache - WITH_FREETYPE: 1, WITH_HARFBUZZ: 1
[2021.03.01-23.26.57:787][  0]LogMoviePlayer: Initializing movie player
[2021.03.01-23.26.57:936][  0]LogWindowsMoviePlayer: Unable to load movie: ../../../MyFirstProject/Content/Movies/Default_Startup.mp4
[2021.03.01-23.26.57:976][  0]LogUObjectArray: 27472 objects as part of root set at end of initial load.
[2021.03.01-23.26.57:976][  0]LogUObjectAllocator: 5680928 out of 0 bytes used by permanent object pool.
[2021.03.01-23.26.57:976][  0]LogUObjectArray: CloseDisregardForGC: 0/0 objects in disregard for GC pool
[2021.03.01-23.26.57:987][  0]LogEngine: Initializing Engine...
[2021.03.01-23.26.59:875][  0]LogHMD: SteamVR failed to initialize.  Err: 108
[2021.03.01-23.27.01:549][  0]LogHMD: SteamVR failed to initialize.  Err: 108
[2021.03.01-23.27.01:774][  0]LogInit: XAudio2 using 'Digital Output (2- USB Multi-Channel Audio Device)' : 2 channels at 48 kHz using 16 bits per sample (channel mask 0x3)
[2021.03.01-23.27.01:780][  0]LogInit: FAudioDevice initialized.
[2021.03.01-23.27.01:780][  0]LogInit: Texture streaming: Enabled
[2021.03.01-23.27.01:780][  0]LogModuleManager:Warning: ModuleManager: Module 'MessagingRpc' not found - its StaticallyLinkedModuleInitializers function is null.
[2021.03.01-23.27.01:780][  0]LogModuleManager:Warning: ModuleManager: Module 'PortalRpc' not found - its StaticallyLinkedModuleInitializers function is null.
[2021.03.01-23.27.01:780][  0]LogModuleManager:Warning: ModuleManager: Module 'PortalServices' not found - its StaticallyLinkedModuleInitializers function is null.
[2021.03.01-23.27.01:788][  0]LogNet: Browse: /Game/StarterContent/Maps/Minimal_Default?Name=Player
[2021.03.01-23.27.01:789][  0]LogLoad: LoadMap: /Game/StarterContent/Maps/Minimal_Default?Name=Player
[2021.03.01-23.27.01:800][  0]LogMemory: Platform Memory Stats for WindowsNoEditor
[2021.03.01-23.27.01:800][  0]LogMemory: Process Physical Memory: 180.79 MB used, 180.79 MB peak
[2021.03.01-23.27.01:800][  0]LogMemory: Process Virtual Memory: 268.46 MB used, 268.46 MB peak
[2021.03.01-23.27.01:800][  0]LogMemory: Physical Memory: 10912.52 MB used, 16303.59 MB total
[2021.03.01-23.27.01:800][  0]LogMemory: Virtual Memory: 611.29 MB used, 134217728.00 MB total
[2021.03.01-23.27.01:800][  0]LogMemory: 
[2021.03.01-23.27.01:800][  0]LogMemory: Allocator Stats for binned:
[2021.03.01-23.27.01:800][  0]LogMemory: Current Memory 78.19 MB used, plus 5.87 MB waste
[2021.03.01-23.27.01:800][  0]LogMemory: Peak Memory 80.29 MB used, plus 5.15 MB waste
[2021.03.01-23.27.01:800][  0]LogMemory: Current OS Memory 84.06 MB, peak 85.44 MB
[2021.03.01-23.27.01:800][  0]LogMemory: Current Waste 1.31 MB, peak 1.56 MB
[2021.03.01-23.27.01:800][  0]LogMemory: Current Used 78.19 MB, peak 80.29 MB
[2021.03.01-23.27.01:800][  0]LogMemory: Current Slack 4.56 MB
[2021.03.01-23.27.01:800][  0]LogMemory: Allocs       145163 Current /  879324 Total
[2021.03.01-23.27.01:800][  0]LogMemory: 
[2021.03.01-23.27.01:800][  0]LogMemory: Block Size Num Pools Max Pools Cur Allocs Total Allocs Min Req Max Req Mem Used Mem Slack Mem Waste Efficiency
[2021.03.01-23.27.01:800][  0]LogMemory: ---------- --------- --------- ---------- ------------ ------- ------- -------- --------- --------- ----------
[2021.03.01-23.27.01:800][  0]LogMemory:          8         0         0          0            0       8       0       0K        0K        0K    100.00%
[2021.03.01-23.27.01:800][  0]LogMemory:         16         7         7      23609       280611      16      16     368K       80K        0K    100.00%
[2021.03.01-23.27.01:800][  0]LogMemory:         32        12        12      22587        88664      17      32     705K       63K       65K     91.54%
[2021.03.01-23.27.01:800][  0]LogMemory:         48         8         8       9757        43626      33      48     457K       55K       53K     89.65%
[2021.03.01-23.27.01:800][  0]LogMemory:         64        21        21      20706        90261      49      64    1294K       50K      133K     90.10%
[2021.03.01-23.27.01:800][  0]LogMemory:         80        11        11       8777        78662      65      80     685K       19K       38K     94.60%
[2021.03.01-23.27.01:800][  0]LogMemory:         96         5         5       3286        35420      81      96     308K       12K       19K     94.06%
[2021.03.01-23.27.01:800][  0]LogMemory:        112         4         5       2224        26185      97     112     243K       13K       19K     92.58%
[2021.03.01-23.27.01:800][  0]LogMemory:        128        18        18       8638        47477     114     128    1079K       73K       48K     95.83%
[2021.03.01-23.27.01:800][  0]LogMemory:        160        42        42      16959        37823     129     160    2649K       36K      230K     91.44%
[2021.03.01-23.27.01:800][  0]LogMemory:        192        39        39      12711        41767     161     192    2383K      111K      174K     93.03%
[2021.03.01-23.27.01:800][  0]LogMemory:        224         5         5       1286        34590     193     224     281K       39K       29K     90.94%
[2021.03.01-23.27.01:800][  0]LogMemory:        256         4         4        966         7250     226     256     241K       15K       15K     94.14%
[2021.03.01-23.27.01:800][  0]LogMemory:        288         4         4        834        13114     257     288     234K       22K       11K     95.70%
[2021.03.01-23.27.01:800][  0]LogMemory:        320         3         3        489        11051     290     320     152K       40K        8K     95.83%
[2021.03.01-23.27.01:800][  0]LogMemory:        384        20        20       3347        14356     322     384    1255K       20K       89K     93.05%
[2021.03.01-23.27.01:800][  0]LogMemory:        448         4         4        528         4223     386     448     231K       25K       18K     92.97%
[2021.03.01-23.27.01:800][  0]LogMemory:        512         5         5        589         3268     450     512     294K       26K        9K     97.19%
[2021.03.01-23.27.01:800][  0]LogMemory:        576        30        31       3183         4850     514     576    1790K      117K       83K     95.68%
[2021.03.01-23.27.01:800][  0]LogMemory:        640         8         8        639         1180     578     640     399K      111K       24K     95.31%
[2021.03.01-23.27.01:800][  0]LogMemory:        704         9         9        573         1313     642     704     393K      183K       23K     96.01%
[2021.03.01-23.27.01:800][  0]LogMemory:        768        10        10        543         1084     705     768     407K      231K        6K     99.06%
[2021.03.01-23.27.01:800][  0]LogMemory:        896         4         4        196          591     769     896     171K       85K        9K     96.48%
[2021.03.01-23.27.01:800][  0]LogMemory:       1024         7         8        286          876     904    1024     286K      162K       14K     96.88%
[2021.03.01-23.27.01:800][  0]LogMemory:       1168         6         6        290          667    1025    1168     330K       54K       25K     93.49%
[2021.03.01-23.27.01:800][  0]LogMemory:       1360         5         5        198         1074    1171    1360     262K       57K       26K     91.88%
[2021.03.01-23.27.01:800][  0]LogMemory:       1632        11        11        393          766    1361    1632     626K       76K       47K     93.32%
[2021.03.01-23.27.01:800][  0]LogMemory:       2048        12        13        273         1128    1635    2048     546K      222K       51K     93.36%
[2021.03.01-23.27.01:800][  0]LogMemory:       2336         5         6        122         1819    2050    2336     278K       42K       31K     90.31%
[2021.03.01-23.27.01:800][  0]LogMemory:       2720         4         4         80          454    2342    2717     212K       43K       11K     95.70%
[2021.03.01-23.27.01:800][  0]LogMemory:       3264        10        13        141         1250    2728    3264     449K      189K       29K     95.47%
[2021.03.01-23.27.01:800][  0]LogMemory:       4096        22        29        207          805    3270    4096     828K      580K       73K     94.82%
[2021.03.01-23.27.01:800][  0]LogMemory:       4672        13        16        107          405    4103    4672     488K      343K       26K     96.88%
[2021.03.01-23.27.01:801][  0]LogMemory:       5456        17        24        103          406    4679    5451     548K      539K       47K     95.68%
[2021.03.01-23.27.01:801][  0]LogMemory:       6544        18        21        129          379    5463    6540     824K      327K       66K     94.27%
[2021.03.01-23.27.01:801][  0]LogMemory:       8192        13        14         64          926    6553    8192     512K      320K       39K     95.31%
[2021.03.01-23.27.01:801][  0]LogMemory:       9360         7         8         46          109    8224    9360     420K       28K       24K     94.64%
[2021.03.01-23.27.01:801][  0]LogMemory:      10912         7         7         37           67    9361   10895     394K       54K       39K     91.29%
[2021.03.01-23.27.01:801][  0]LogMemory:      13104        12        12         57           90   10922   13056     729K       39K       60K     92.19%
[2021.03.01-23.27.01:801][  0]LogMemory:      16384        12        14         45          166   13109   16384     720K       48K       52K     93.23%
[2021.03.01-23.27.01:801][  0]LogMemory:      21840        17        19         50          109   16400   21063    1066K       22K      174K     84.01%
[2021.03.01-23.27.01:801][  0]LogMemory:      32768        11        13         21           76   21904   32640     672K       32K      147K     79.12%
[2021.03.01-23.27.01:801][  0]LogMemory:      49152         4         5         14          224       0   49152     672K       96K      208K     72.92%
[2021.03.01-23.27.01:801][  0]LogMemory:      98304         2         3          8           20       0   97280     768K        0K      177K     76.95%
[2021.03.01-23.27.01:801][  0]LogMemory: 
[2021.03.01-23.27.01:801][  0]LogMemory: 32384K allocated in pools (with 4699K slack and 2469K waste). Efficiency 92.38%
[2021.03.01-23.27.01:801][  0]LogMemory: Allocations 145099 Current / 879183 Total (in 488 pools)
[2021.03.01-23.27.01:801][  0]LogMemory: 
[2021.03.01-23.27.01:883][  0]LogAIModule: Creating AISystem for world Minimal_Default
[2021.03.01-23.27.01:883][  0]LogWorld: Game class is 'mouse_game_mode_C'
[2021.03.01-23.27.01:889][  0]LogWorld: Bringing World /Game/StarterContent/Maps/Minimal_Default.Minimal_Default up for play (max tick rate 0) at 2021.03.01-15.27.01
[2021.03.01-23.27.01:890][  0]LogWorld: Bringing up level for play took: 0.005752
[2021.03.01-23.27.01:893][  0]LogLoad: Took 0.104575 seconds to LoadMap(/Game/StarterContent/Maps/Minimal_Default)
[2021.03.01-23.27.01:893][  0]LogInit:Display: Game Engine Initialized.
[2021.03.01-23.27.02:097][  0]LogLoad: Full Startup: 8.05 seconds (BP compile: 0.00 seconds)
[2021.03.01-23.27.02:097][  0]LogExternalProfiler: No external profilers were discovered.  External profiling features will not be available.
[2021.03.01-23.27.02:116][  0]LogOcInput: OculusInput pre-init called
[2021.03.01-23.27.02:213][  0]LogRenderer: Reallocating scene render targets to support 128x128 (Frame:1).
[2021.03.01-23.27.02:312][  1]LogRenderer: Reallocating scene render targets to support 1824x1028 (Frame:2).
[2021.03.01-23.27.25:179][405]LogNet: Browse: /Game/StarterContent/Maps/Minimal_Default
[2021.03.01-23.27.25:179][405]LogLoad: LoadMap: /Game/StarterContent/Maps/Minimal_Default
[2021.03.01-23.27.25:195][405]LogMemory: Platform Memory Stats for WindowsNoEditor
[2021.03.01-23.27.25:195][405]LogMemory: Process Physical Memory: 236.83 MB used, 247.43 MB peak
[2021.03.01-23.27.25:195][405]LogMemory: Process Virtual Memory: 672.27 MB used, 684.29 MB peak
[2021.03.01-23.27.25:195][405]LogMemory: Physical Memory: 10986.76 MB used, 16303.59 MB total
[2021.03.01-23.27.25:195][405]LogMemory: Virtual Memory: 1017.84 MB used, 134217728.00 MB total
[2021.03.01-23.27.25:195][405]LogMemory: 
[2021.03.01-23.27.25:196][405]LogMemory: Allocator Stats for binned:
[2021.03.01-23.27.25:196][405]LogMemory: Current Memory 89.99 MB used, plus 8.20 MB waste
[2021.03.01-23.27.25:196][405]LogMemory: Peak Memory 100.66 MB used, plus 5.34 MB waste
[2021.03.01-23.27.25:196][405]LogMemory: Current OS Memory 98.19 MB, peak 106.00 MB
[2021.03.01-23.27.25:196][405]LogMemory: Current Waste 1.70 MB, peak 1.92 MB
[2021.03.01-23.27.25:196][405]LogMemory: Current Used 89.99 MB, peak 100.66 MB
[2021.03.01-23.27.25:196][405]LogMemory: Current Slack 6.51 MB
[2021.03.01-23.27.25:196][405]LogMemory: Allocs       152177 Current /  1754760 Total
[2021.03.01-23.27.25:196][405]LogMemory: 
[2021.03.01-23.27.25:196][405]LogMemory: Block Size Num Pools Max Pools Cur Allocs Total Allocs Min Req Max Req Mem Used Mem Slack Mem Waste Efficiency
[2021.03.01-23.27.25:196][405]LogMemory: ---------- --------- --------- ---------- ------------ ------- ------- -------- --------- --------- ----------
[2021.03.01-23.27.25:196][405]LogMemory:          8         0         0          0            0       8       0       0K        0K        0K    100.00%
[2021.03.01-23.27.25:196][405]LogMemory:         16         7         7      24049       327079      16      16     375K       73K        0K    100.00%
[2021.03.01-23.27.25:196][405]LogMemory:         32        13        13      25660       143147      17      32     801K       31K       72K     91.35%
[2021.03.01-23.27.25:196][405]LogMemory:         48         9         9      10741       111397      33      48     503K       73K       37K     93.58%
[2021.03.01-23.27.25:196][405]LogMemory:         64        23        23      21173       148903      49      64    1323K      149K      116K     92.12%
[2021.03.01-23.27.25:196][405]LogMemory:         80        12        12       8944        98944      65      80     698K       70K       41K     94.66%
[2021.03.01-23.27.25:196][405]LogMemory:         96         7         7       3486       330937      81      96     326K      122K       26K     94.20%
[2021.03.01-23.27.25:196][405]LogMemory:        112         5         5       2331       187931      97     112     254K       66K        3K     99.06%
[2021.03.01-23.27.25:196][405]LogMemory:        128        20        20       8733        54607     114     128    1091K      189K       45K     96.48%
[2021.03.01-23.27.25:196][405]LogMemory:        160        44        46      17317        48421     129     160    2705K      107K      225K     92.01%
[2021.03.01-23.27.25:196][405]LogMemory:        192        40        41      13022        68119     161     192    2441K      117K      174K     93.20%
[2021.03.01-23.27.25:196][405]LogMemory:        224         6         7       1329        53802     193     224     290K       94K       25K     93.49%
[2021.03.01-23.27.25:196][405]LogMemory:        256         6         6       1061        10775     226     256     265K      119K       16K     95.83%
[2021.03.01-23.27.25:196][405]LogMemory:        288         5         5        852        14907     257     288     239K       81K       12K     96.25%
[2021.03.01-23.27.25:196][405]LogMemory:        320         3         3        493        16872     290     320     154K       38K        6K     96.88%
[2021.03.01-23.27.25:196][405]LogMemory:        384        24        24       3415        36734     322     384    1280K      250K       98K     93.62%
[2021.03.01-23.27.25:196][405]LogMemory:        448         5         6        539         9164     386     448     235K       85K       19K     94.06%
[2021.03.01-23.27.25:196][405]LogMemory:        512         7         7        597         6183     449     512     298K      150K        6K     98.66%
[2021.03.01-23.27.25:196][405]LogMemory:        576        33        33       3232         7390     514     576    1818K      280K      106K     94.98%
[2021.03.01-23.27.25:196][405]LogMemory:        640         8         8        644         2113     577     640     402K      108K       25K     95.12%
[2021.03.01-23.27.25:196][405]LogMemory:        704         9         9        589         4529     642     704     404K      172K       23K     96.01%
[2021.03.01-23.27.25:196][405]LogMemory:        768        10        10        568         3139     705     768     426K      212K       10K     98.44%
[2021.03.01-23.27.25:196][405]LogMemory:        896         5         5        221         1007     769     896     193K      127K       10K     96.88%
[2021.03.01-23.27.25:196][405]LogMemory:       1024        10        10        291        32538     897    1024     291K      349K        4K     99.38%
[2021.03.01-23.27.25:196][405]LogMemory:       1168         8         9        326         4924    1025    1168     371K      140K       24K     95.31%
[2021.03.01-23.27.25:196][405]LogMemory:       1360         7         7        212         1887    1169    1360     281K      166K       23K     94.87%
[2021.03.01-23.27.25:196][405]LogMemory:       1632        14        14        409         2919    1361    1632     651K      242K       32K     96.43%
[2021.03.01-23.27.25:196][405]LogMemory:       2048        16        20        307         3004    1634    2048     614K      410K       60K     94.14%
[2021.03.01-23.27.25:196][405]LogMemory:       2336         6         6        127         2479    2050    2336     289K       95K       27K     92.97%
[2021.03.01-23.27.25:196][405]LogMemory:       2720         5         5         85          575    2340    2720     225K       94K       12K     96.25%
[2021.03.01-23.27.25:196][405]LogMemory:       3264        10        13        169         1409    2728    3264     538K      100K       35K     94.53%
[2021.03.01-23.27.25:196][405]LogMemory:       4096        22        29        278         2679    3270    4096    1112K      296K      162K     88.49%
[2021.03.01-23.27.25:196][405]LogMemory:       4672        13        16        108          473    4100    4672     492K      339K       25K     97.00%
[2021.03.01-23.27.25:196][405]LogMemory:       5456        17        24        128          506    4679    5451     682K      405K       56K     94.85%
[2021.03.01-23.27.25:196][405]LogMemory:       6544        19        21        160          475    5463    6540    1022K      193K       80K     93.42%
[2021.03.01-23.27.25:196][405]LogMemory:       8192        13        14         71         2447    6552    8192     568K      264K       66K     92.07%
[2021.03.01-23.27.25:196][405]LogMemory:       9360         8         9         51          128    8224    9360     466K       46K       27K     94.73%
[2021.03.01-23.27.25:196][405]LogMemory:      10912         7         7         36         1751    9361   10895     383K       65K       24K     94.64%
[2021.03.01-23.27.25:196][405]LogMemory:      13104        17        17         78          125   10922   13056     998K       90K       83K     92.37%
[2021.03.01-23.27.25:196][405]LogMemory:      16384        15        17         52          587   13109   16384     832K      128K       22K     97.71%
[2021.03.01-23.27.25:196][405]LogMemory:      21840        19        26         52          149   16400   21784    1109K      107K      175K     85.61%
[2021.03.01-23.27.25:196][405]LogMemory:      32768        16        31         26          131   21868   32640     832K      192K      210K     79.49%
[2021.03.01-23.27.25:196][405]LogMemory:      49152         7         7         22          259       0   49152    1056K      288K      322K     76.04%
[2021.03.01-23.27.25:196][405]LogMemory:      98304         2         3          8           23       0   97280     768K        0K      177K     76.95%
[2021.03.01-23.27.25:196][405]LogMemory: 
[2021.03.01-23.27.25:196][405]LogMemory: 36864K allocated in pools (with 6722K slack and 2741K waste). Efficiency 92.56%
[2021.03.01-23.27.25:196][405]LogMemory: Allocations 151993 Current / 1745569 Total (in 552 pools)
[2021.03.01-23.27.25:196][405]LogMemory: 
[2021.03.01-23.27.25:278][405]LogAIModule: Creating AISystem for world Minimal_Default
[2021.03.01-23.27.25:278][405]LogWorld: Game class is 'mouse_game_mode_C'
[2021.03.01-23.27.25:282][405]LogWorld: Bringing World /Game/StarterContent/Maps/Minimal_Default.Minimal_Default up for play (max tick rate 0) at 2021.03.01-15.27.25
[2021.03.01-23.27.25:283][405]LogWorld: Bringing up level for play took: 0.003947
[2021.03.01-23.27.25:285][405]LogLoad: Took 0.106457 seconds to LoadMap(/Game/StarterContent/Maps/Minimal_Default)
[2021.03.01-23.27.26:452][472]Closing by request
[2021.03.01-23.27.26:452][472]LogWindows: FPlatformMisc::RequestExit(0)
[2021.03.01-23.27.26:453][473]LogMoviePlayer: Shutting down movie player
[2021.03.01-23.27.26:593][473]LogSlate: Window 'MyFirstProject (64-bit, PCD3D_SM5)' being destroyed
[2021.03.01-23.27.26:593][473]LogWindowsTextInputMethodSystem:Display: IME system now deactivated.
[2021.03.01-23.27.26:621][473]LogExit: Preparing to exit.
[2021.03.01-23.27.26:659][473]LogExit: Game engine shut down
[2021.03.01-23.27.26:707][473]LogObj: Freed 32b from 1 cluster array pools.
[2021.03.01-23.27.26:707][473]LogExit: Object subsystem successfully closed.
[2021.03.01-23.27.26:714][473]LogD3D11RHI: Shutdown
[2021.03.01-23.27.26:714][473]LogD3D11RHI: CleanupD3DDevice
[2021.03.01-23.27.26:761][473]LogD3D11RHI: ~FD3D11DynamicRHI
[2021.03.01-23.27.26:761][473]LogModuleManager: Shutting down and abandoning module AutomationController (62)
[2021.03.01-23.27.26:761][473]LogModuleManager: Shutting down and abandoning module AutomationWorker (61)
[2021.03.01-23.27.26:761][473]LogModuleManager: Shutting down and abandoning module CharacterAI (60)
[2021.03.01-23.27.26:761][473]LogModuleManager: Shutting down and abandoning module SessionServices (59)
[2021.03.01-23.27.26:761][473]LogModuleManager: Shutting down and abandoning module GameplayDebugger (58)
[2021.03.01-23.27.26:761][473]LogModuleManager: Shutting down and abandoning module AIModule (57)
[2021.03.01-23.27.26:761][473]LogModuleManager: Shutting down and abandoning module StreamingPauseRendering (56)
[2021.03.01-23.27.26:761][473]LogModuleManager: Shutting down and abandoning module AnalyticsET (55)
[2021.03.01-23.27.26:761][473]LogModuleManager: Shutting down and abandoning module Analytics (54)
[2021.03.01-23.27.26:761][473]LogModuleManager: Shutting down and abandoning module ProfilerService (50)
[2021.03.01-23.27.26:773][473]LogModuleManager: Shutting down and abandoning module TaskGraph (49)
[2021.03.01-23.27.26:773][473]LogModuleManager: Shutting down and abandoning module HTML5Networking (48)
[2021.03.01-23.27.26:773][473]LogModuleManager: Shutting down and abandoning module ArchVisCharacter (47)
[2021.03.01-23.27.26:773][473]LogModuleManager: Shutting down and abandoning module CableComponent (46)
[2021.03.01-23.27.26:773][473]LogModuleManager: Shutting down and abandoning module CustomMeshComponent (45)
[2021.03.01-23.27.26:773][473]LogModuleManager: Shutting down and abandoning module OculusInput (44)
[2021.03.01-23.27.26:773][473]LogModuleManager: Shutting down and abandoning module OculusLibrary (43)
[2021.03.01-23.27.26:773][473]LogModuleManager: Shutting down and abandoning module ProceduralMeshComponent (42)
[2021.03.01-23.27.26:773][473]LogModuleManager: Shutting down and abandoning module SteamVRController (41)
[2021.03.01-23.27.26:773][473]LogModuleManager: Shutting down and abandoning module SteamVR (40)
[2021.03.01-23.27.26:773][473]LogModuleManager: Shutting down and abandoning module SlateRemote (39)
[2021.03.01-23.27.26:773][473]LogModuleManager: Shutting down and abandoning module Paper2D (38)
[2021.03.01-23.27.26:773][473]LogModuleManager: Shutting down and abandoning module LightPropagationVolumeRuntime (37)
[2021.03.01-23.27.26:773][473]LogModuleManager: Shutting down and abandoning module UdpMessaging (36)
[2021.03.01-23.27.26:773][473]LogModuleManager: Shutting down and abandoning module Media (35)
[2021.03.01-23.27.26:773][473]LogModuleManager: Shutting down and abandoning module WmfMedia (34)
[2021.03.01-23.27.26:773][473]LogModuleManager: Shutting down and abandoning module WindowsMoviePlayer (33)
[2021.03.01-23.27.26:773][473]LogModuleManager: Shutting down and abandoning module ImageWrapper (32)
[2021.03.01-23.27.26:773][473]LogModuleManager: Shutting down and abandoning module MediaAssets (31)
[2021.03.01-23.27.26:773][473]LogModuleManager: Shutting down and abandoning module GameLiveStreaming (30)
[2021.03.01-23.27.26:773][473]LogModuleManager: Shutting down and abandoning module UMG (29)
[2021.03.01-23.27.26:773][473]LogModuleManager: Shutting down and abandoning module SlateReflector (28)
[2021.03.01-23.27.26:773][473]LogModuleManager: Shutting down and abandoning module Slate (27)
[2021.03.01-23.27.26:773][473]LogModuleManager: Shutting down and abandoning module Messaging (26)
[2021.03.01-23.27.26:773][473]LogModuleManager: Shutting down and abandoning module HeadMountedDisplay (25)
[2021.03.01-23.27.26:773][473]LogModuleManager: Shutting down and abandoning module XAudio2 (24)
[2021.03.01-23.27.26:773][473]LogModuleManager: Shutting down and abandoning module Networking (22)
[2021.03.01-23.27.26:773][473]LogModuleManager: Shutting down and abandoning module Core (21)
[2021.03.01-23.27.26:773][473]LogModuleManager: Shutting down and abandoning module AssetRegistry (20)
[2021.03.01-23.27.26:773][473]LogModuleManager: Shutting down and abandoning module InputCore (19)
[2021.03.01-23.27.26:773][473]LogModuleManager: Shutting down and abandoning module OnlineSubsystem (17)
[2021.03.01-23.27.26:773][473]LogModuleManager: Shutting down and abandoning module HTTP (16)
[2021.03.01-23.27.32:318][473]LogModuleManager: Shutting down and abandoning module ExampleDeviceProfileSelector (15)
[2021.03.01-23.27.32:318][473]LogModuleManager: Shutting down and abandoning module OculusRift (14)
[2021.03.01-23.27.32:318][473]LogModuleManager: Shutting down and abandoning module ShaderCore (13)
[2021.03.01-23.27.32:318][473]LogModuleManager: Shutting down and abandoning module Landscape (12)
[2021.03.01-23.27.32:318][473]LogModuleManager: Shutting down and abandoning module SlateRHIRenderer (11)
[2021.03.01-23.27.32:319][473]LogModuleManager: Shutting down and abandoning module OpenGLDrv (10)
[2021.03.01-23.27.32:319][473]LogModuleManager: Shutting down and abandoning module D3D11RHI (9)
[2021.03.01-23.27.32:319][473]LogModuleManager: Shutting down and abandoning module AnimGraphRuntime (8)
[2021.03.01-23.27.32:319][473]LogModuleManager: Shutting down and abandoning module Renderer (7)
[2021.03.01-23.27.32:319][473]LogModuleManager: Shutting down and abandoning module Engine (6)
[2021.03.01-23.27.32:319][473]LogModuleManager: Shutting down and abandoning module CoreUObject (5)
[2021.03.01-23.27.32:319][473]LogModuleManager: Shutting down and abandoning module NetworkFile (4)
[2021.03.01-23.27.32:319][473]LogModuleManager: Shutting down and abandoning module StreamingFile (3)
[2021.03.01-23.27.32:319][473]LogModuleManager: Shutting down and abandoning module SandboxFile (2)
[2021.03.01-23.27.32:319][473]LogModuleManager: Shutting down and abandoning module PakFile (1)
[2021.03.01-23.27.32:321][473]LogExit: Exiting.
[2021.03.01-23.27.32:324][473]Log file closed, 03/01/21 15:27:32
