Log file open, 03/01/21 16:52:29
LogInit:Display: Running engine for game: MyFirstProject
LogInit:Display: Project file not found: ../../../MyFirstProject/MyFirstProject.uproject
LogInit:Display: 	Attempting to find via project info helper.
LogUProjectInfo: Found projects:
LogPlatformFile: Not using cached read wrapper
LogInit:Display: RandInit(1445936861) SRandInit(1445936865).
LogTaskGraph: Started task graph with 4 named threads and 7 total threads with 1 sets of task threads.
LogStats: Stats thread started at 1.807672
LogInit: Version: 4.12.5-3039270+++UE4+Release-4.12
LogInit: API Version: 2992821
LogInit: Net Version: 3039270
LogDevObjectVersion: Number of dev versions registered: 13
LogDevObjectVersion:   Dev-Blueprints (B0D832E4-1F89-4F0D-ACCF-7EB736FD4AA2): 3
LogDevObjectVersion:   Dev-Build (E1C64328-A22C-4D53-A36C-8E866417BD8C): 0
LogDevObjectVersion:   Dev-Core (375EC13C-06E4-48FB-B500-84F0262A717E): 1
LogDevObjectVersion:   Dev-Editor (E4B068ED-F494-42E9-A231-DA0B2E46BB41): 2
LogDevObjectVersion:   Dev-Framework (CFFC743F-43B0-4480-9391-14DF171D2073): 6
LogDevObjectVersion:   Dev-Mobile (B02B49B5-BB20-44E9-A304-32B752E40360): 0
LogDevObjectVersion:   Dev-Networking (A4E4105C-59A1-49B5-A7C5-40C4547EDFEE): 0
LogDevObjectVersion:   Dev-Online (39C831C9-5AE6-47DC-9A44-9C173E1C8E7C): 0
LogDevObjectVersion:   Dev-Physics (78F01B33-EBEA-4F98-B9B4-84EACCB95AA2): 0
LogDevObjectVersion:   Dev-Platform (6631380F-2D4D-43E0-8009-CF276956A95A): 0
LogDevObjectVersion:   Dev-Rendering (12F88B9F-8875-4AFC-A67C-D90C383ABD29): 2
LogDevObjectVersion:   Dev-Sequencer (7B5AE74C-D270-4C10-A958-57980B212A5A): 0
LogDevObjectVersion:   Dev-VR (D7296918-1DD6-4BDD-9DE2-64A83CC13884): 0
LogInit: Compiled (64-bit): Jul  6 2016 09:06:15
LogInit: Compiled with Visual C++: 19.00.23026.00
LogInit: Build Configuration: Development
LogInit: Branch Name: ++UE4+Release-4.12
LogInit: Command line:  
LogInit: Base directory: C:/Users/Dan/Documents/GitHub/Unreal-Checkers/Engine/Binaries/Win64/
LogInit: Installed Engine Build: 0
LogInit: Using libcurl 7.41.0
LogInit:  - built for x86_64-pc-win32
LogInit:  - supports SSL with WinSSL
LogInit:  - other features:
LogInit:      CURL_VERSION_SSL
LogInit:      CURL_VERSION_IPV6
LogInit:      CURL_VERSION_ASYNCHDNS
LogInit:      CURL_VERSION_LARGEFILE
LogInit:      CURL_VERSION_IDN
LogInit:  CurlRequestOptions (configurable via config and command line):
LogInit:  - bVerifyPeer = true  - Libcurl will verify peer certificate
LogInit:  - bUseHttpProxy = false  - Libcurl will NOT use HTTP proxy
LogInit:  - bDontReuseConnections = false  - Libcurl will reuse connections
LogInit:  - CertBundlePath = nullptr  - Libcurl will use whatever was configured at build time.
LogInit: Presizing for max 2097152 objects, including 0 objects not considered by GC, pre-allocating 0 bytes for permanent pool.
LogInit: Object subsystem initialized
[2021.03.02-00.52.29:166][  0]LogInit: Selected Device Profile: [WindowsNoEditor]
[2021.03.02-00.52.29:166][  0]LogInit: Applying CVar settings loaded from the selected device profile: [WindowsNoEditor]
[2021.03.02-00.52.29:172][  0]LogInit: Computer: PREDATOR
[2021.03.02-00.52.29:172][  0]LogInit: User: Dan
[2021.03.02-00.52.29:172][  0]LogInit: CPU Page size=65536, Cores=4
[2021.03.02-00.52.29:172][  0]LogInit: High frequency timer resolution =3.312658 MHz
[2021.03.02-00.52.29:172][  0]LogMemory: Memory total: Physical=15.9GB (16GB approx)
[2021.03.02-00.52.29:172][  0]LogMemory: Platform Memory Stats for WindowsNoEditor
[2021.03.02-00.52.29:172][  0]LogMemory: Process Physical Memory: 66.36 MB used, 66.36 MB peak
[2021.03.02-00.52.29:172][  0]LogMemory: Process Virtual Memory: 83.88 MB used, 83.88 MB peak
[2021.03.02-00.52.29:172][  0]LogMemory: Physical Memory: 8921.30 MB used, 16303.59 MB total
[2021.03.02-00.52.29:172][  0]LogMemory: Virtual Memory: 287.36 MB used, 134217728.00 MB total
[2021.03.02-00.52.29:201][  0]LogTextLocalizationManager: No specific translations for ('en-US') exist, so ('en') translations will be used.
[2021.03.02-00.52.29:250][  0]LogD3D11RHI: D3D11 adapters:
[2021.03.02-00.52.29:287][  0]LogD3D11RHI:    0. 'NVIDIA GeForce GTX 760 (192-bit)' (Feature Level 11_0)
[2021.03.02-00.52.29:287][  0]LogD3D11RHI:       1436/0/2560 MB DedicatedVideo/DedicatedSystem/SharedSystem, Outputs:1, VendorId:0x10de
[2021.03.02-00.52.29:288][  0]LogD3D11RHI:    1. 'Microsoft Basic Render Driver' (Feature Level 11_0)
[2021.03.02-00.52.29:288][  0]LogD3D11RHI:       0/0/256 MB DedicatedVideo/DedicatedSystem/SharedSystem, Outputs:0, VendorId:0x1414
[2021.03.02-00.52.29:288][  0]LogD3D11RHI: Chosen D3D11 Adapter: 0
[2021.03.02-00.52.29:907][  0]LogD3D11RHI: Creating new Direct3DDevice
[2021.03.02-00.52.29:907][  0]LogD3D11RHI:     GPU DeviceId: 0x118e (for the marketing name, search the web for "GPU Device Id")
[2021.03.02-00.52.29:907][  0]LogWindows: EnumDisplayDevices:
[2021.03.02-00.52.29:907][  0]LogWindows:    0. 'NVIDIA GeForce GTX 760 (192-bit)' (P:1 D:1)
[2021.03.02-00.52.29:907][  0]LogWindows:    1. 'NVIDIA GeForce GTX 760 (192-bit)' (P:0 D:0)
[2021.03.02-00.52.29:907][  0]LogWindows:    2. 'NVIDIA GeForce GTX 760 (192-bit)' (P:0 D:0)
[2021.03.02-00.52.29:907][  0]LogWindows:    3. 'NVIDIA GeForce GTX 760 (192-bit)' (P:0 D:0)
[2021.03.02-00.52.29:907][  0]LogWindows: DebugString: FoundDriverCount:4 
[2021.03.02-00.52.29:907][  0]LogD3D11RHI:     Adapter Name: NVIDIA GeForce GTX 760 (192-bit)
[2021.03.02-00.52.29:907][  0]LogD3D11RHI:   Driver Version: 430.64 (internal:26.21.14.3064, unified:430.64)
[2021.03.02-00.52.29:907][  0]LogD3D11RHI:      Driver Date: 5-5-2019
[2021.03.02-00.52.29:907][  0]LogRHI: Texture pool is 1005 MB (70% of 1436 MB)
[2021.03.02-00.52.29:927][  0]LogD3D11RHI: Async texture creation enabled
[2021.03.02-00.52.29:946][  0]LogD3D11RHI: GPU Timing Frequency: 1000.000000 (Debug: 2 2)
[2021.03.02-00.52.30:013][  0]LogAssetRegistry: FAssetRegistry took 0.0050 seconds to start up
[2021.03.02-00.52.30:015][  0]LogPackageLocalizationCache: Processed 3 localized package path(s) for 2 prioritized culture(s) in 0.002040 seconds
[2021.03.02-00.52.30:020][  0]LogContentStreaming: Texture pool size is 1000.00 MB
[2021.03.02-00.52.30:020][  0]LogInit: Selected Device Profile: [WindowsNoEditor]
[2021.03.02-00.52.30:090][  0]LogInit: WinSock: version 1.1 (2.2), MaxSocks=32767, MaxUdp=65467
[2021.03.02-00.52.30:101][  0]LogSlate: SlateFontCache - WITH_FREETYPE: 1, WITH_HARFBUZZ: 1
[2021.03.02-00.52.30:101][  0]LogSlate: SlateFontCache - WITH_FREETYPE: 1, WITH_HARFBUZZ: 1
[2021.03.02-00.52.30:131][  0]LogMoviePlayer: Initializing movie player
[2021.03.02-00.52.30:156][  0]LogWindowsMoviePlayer: Unable to load movie: ../../../MyFirstProject/Content/Movies/Default_Startup.mp4
[2021.03.02-00.52.30:194][  0]LogUObjectArray: 27472 objects as part of root set at end of initial load.
[2021.03.02-00.52.30:194][  0]LogUObjectAllocator: 5680928 out of 0 bytes used by permanent object pool.
[2021.03.02-00.52.30:194][  0]LogUObjectArray: CloseDisregardForGC: 0/0 objects in disregard for GC pool
[2021.03.02-00.52.30:205][  0]LogEngine: Initializing Engine...
[2021.03.02-00.52.31:647][  0]LogHMD: SteamVR failed to initialize.  Err: 108
[2021.03.02-00.52.33:088][  0]LogHMD: SteamVR failed to initialize.  Err: 108
[2021.03.02-00.52.33:130][  0]LogInit: XAudio2 using 'Digital Output (2- USB Multi-Channel Audio Device)' : 2 channels at 48 kHz using 16 bits per sample (channel mask 0x3)
[2021.03.02-00.52.33:144][  0]LogInit: FAudioDevice initialized.
[2021.03.02-00.52.33:144][  0]LogInit: Texture streaming: Enabled
[2021.03.02-00.52.33:144][  0]LogModuleManager:Warning: ModuleManager: Module 'MessagingRpc' not found - its StaticallyLinkedModuleInitializers function is null.
[2021.03.02-00.52.33:144][  0]LogModuleManager:Warning: ModuleManager: Module 'PortalRpc' not found - its StaticallyLinkedModuleInitializers function is null.
[2021.03.02-00.52.33:144][  0]LogModuleManager:Warning: ModuleManager: Module 'PortalServices' not found - its StaticallyLinkedModuleInitializers function is null.
[2021.03.02-00.52.33:154][  0]LogNet: Browse: /Game/StarterContent/Maps/Minimal_Default?Name=Player
[2021.03.02-00.52.33:155][  0]LogLoad: LoadMap: /Game/StarterContent/Maps/Minimal_Default?Name=Player
[2021.03.02-00.52.33:164][  0]LogMemory: Platform Memory Stats for WindowsNoEditor
[2021.03.02-00.52.33:164][  0]LogMemory: Process Physical Memory: 180.90 MB used, 182.70 MB peak
[2021.03.02-00.52.33:164][  0]LogMemory: Process Virtual Memory: 268.48 MB used, 268.48 MB peak
[2021.03.02-00.52.33:164][  0]LogMemory: Physical Memory: 8898.22 MB used, 16303.59 MB total
[2021.03.02-00.52.33:164][  0]LogMemory: Virtual Memory: 611.66 MB used, 134217728.00 MB total
[2021.03.02-00.52.33:164][  0]LogMemory: 
[2021.03.02-00.52.33:164][  0]LogMemory: Allocator Stats for binned:
[2021.03.02-00.52.33:164][  0]LogMemory: Current Memory 78.26 MB used, plus 5.99 MB waste
[2021.03.02-00.52.33:164][  0]LogMemory: Peak Memory 80.35 MB used, plus 5.21 MB waste
[2021.03.02-00.52.33:164][  0]LogMemory: Current OS Memory 84.25 MB, peak 85.56 MB
[2021.03.02-00.52.33:164][  0]LogMemory: Current Waste 1.37 MB, peak 1.56 MB
[2021.03.02-00.52.33:164][  0]LogMemory: Current Used 78.26 MB, peak 80.35 MB
[2021.03.02-00.52.33:164][  0]LogMemory: Current Slack 4.62 MB
[2021.03.02-00.52.33:164][  0]LogMemory: Allocs       145161 Current /  879666 Total
[2021.03.02-00.52.33:164][  0]LogMemory: 
[2021.03.02-00.52.33:164][  0]LogMemory: Block Size Num Pools Max Pools Cur Allocs Total Allocs Min Req Max Req Mem Used Mem Slack Mem Waste Efficiency
[2021.03.02-00.52.33:164][  0]LogMemory: ---------- --------- --------- ---------- ------------ ------- ------- -------- --------- --------- ----------
[2021.03.02-00.52.33:164][  0]LogMemory:          8         0         0          0            0       8       0       0K        0K        0K    100.00%
[2021.03.02-00.52.33:164][  0]LogMemory:         16         7         7      23609       281024      16      16     368K       80K        0K    100.00%
[2021.03.02-00.52.33:164][  0]LogMemory:         32        12        12      22586        88667      17      32     705K       63K       65K     91.54%
[2021.03.02-00.52.33:164][  0]LogMemory:         48         8         8       9755        43646      33      48     457K       55K       53K     89.65%
[2021.03.02-00.52.33:164][  0]LogMemory:         64        21        21      20707        90258      49      64    1294K       50K      133K     90.10%
[2021.03.02-00.52.33:164][  0]LogMemory:         80        11        11       8775        78633      65      80     685K       19K       38K     94.60%
[2021.03.02-00.52.33:164][  0]LogMemory:         96         5         5       3288        35286      81      96     308K       12K       19K     94.06%
[2021.03.02-00.52.33:164][  0]LogMemory:        112         4         5       2225        26184      97     112     243K       13K       19K     92.58%
[2021.03.02-00.52.33:164][  0]LogMemory:        128        18        18       8637        27300     114     128    1079K       73K       33K     97.14%
[2021.03.02-00.52.33:164][  0]LogMemory:        160        42        42      16961        58061     129     160    2650K       35K      260K     90.33%
[2021.03.02-00.52.33:164][  0]LogMemory:        192        24        24       7789        22067     161     192    1460K       75K      105K     93.16%
[2021.03.02-00.52.33:164][  0]LogMemory:        224        22        38       6208        54377     193     224    1358K       48K       95K     93.25%
[2021.03.02-00.52.33:164][  0]LogMemory:        256         4         4        966         7348     226     256     241K       15K       15K     94.14%
[2021.03.02-00.52.33:164][  0]LogMemory:        288         4         4        834         6945     257     288     234K       22K       13K     94.92%
[2021.03.02-00.52.33:164][  0]LogMemory:        320         3         3        489        11109     290     320     152K       40K        8K     95.83%
[2021.03.02-00.52.33:164][  0]LogMemory:        384        20        20       3347        14795     322     384    1255K       20K      150K     88.28%
[2021.03.02-00.52.33:164][  0]LogMemory:        448         4         4        528         9268     386     448     231K       25K       23K     91.02%
[2021.03.02-00.52.33:164][  0]LogMemory:        512         5         5        589         3870     450     512     294K       26K       12K     96.25%
[2021.03.02-00.52.33:164][  0]LogMemory:        576        30        31       3183         4718     514     576    1790K      117K       81K     95.78%
[2021.03.02-00.52.33:164][  0]LogMemory:        640         8         8        639         1182     578     640     399K      111K       24K     95.31%
[2021.03.02-00.52.33:164][  0]LogMemory:        704         9         9        573         1313     642     704     393K      183K       23K     96.01%
[2021.03.02-00.52.33:164][  0]LogMemory:        768        10        10        543         1084     705     768     407K      231K        6K     99.06%
[2021.03.02-00.52.33:164][  0]LogMemory:        896         4         4        196          591     769     896     171K       85K        9K     96.48%
[2021.03.02-00.52.33:164][  0]LogMemory:       1024         7         8        287          877     904    1024     287K      161K       14K     96.88%
[2021.03.02-00.52.33:164][  0]LogMemory:       1168         6         6        289          666    1025    1168     329K       55K       24K     93.75%
[2021.03.02-00.52.33:164][  0]LogMemory:       1360         5         5        198         1086    1171    1360     262K       57K       27K     91.56%
[2021.03.02-00.52.33:164][  0]LogMemory:       1632        11        11        393          766    1361    1632     626K       76K       47K     93.32%
[2021.03.02-00.52.33:164][  0]LogMemory:       2048        12        13        273         1078    1635    2048     546K      222K       52K     93.23%
[2021.03.02-00.52.33:164][  0]LogMemory:       2336         5         6        122         1818    2050    2336     278K       42K       31K     90.31%
[2021.03.02-00.52.33:164][  0]LogMemory:       2720         4         4         80          454    2342    2717     212K       43K       11K     95.70%
[2021.03.02-00.52.33:164][  0]LogMemory:       3264        10        13        141         1250    2728    3264     449K      189K       29K     95.47%
[2021.03.02-00.52.33:164][  0]LogMemory:       4096        22        29        207          805    3270    4096     828K      580K       73K     94.82%
[2021.03.02-00.52.33:164][  0]LogMemory:       4672        13        16        107          405    4103    4672     488K      343K       26K     96.88%
[2021.03.02-00.52.33:164][  0]LogMemory:       5456        17        24        103          405    4679    5451     548K      539K       47K     95.68%
[2021.03.02-00.52.33:164][  0]LogMemory:       6544        18        21        129          379    5463    6540     824K      327K       66K     94.27%
[2021.03.02-00.52.33:164][  0]LogMemory:       8192        13        14         64          927    6553    8192     512K      320K       39K     95.31%
[2021.03.02-00.52.33:164][  0]LogMemory:       9360         7         8         46          108    8224    9360     420K       28K       24K     94.64%
[2021.03.02-00.52.33:164][  0]LogMemory:      10912         7         7         37           67    9361   10895     394K       54K       39K     91.29%
[2021.03.02-00.52.33:164][  0]LogMemory:      13104        12        12         58           91   10922   13056     742K       26K       61K     92.06%
[2021.03.02-00.52.33:164][  0]LogMemory:      16384        13        14         43          164   13109   16384     688K      144K       49K     94.11%
[2021.03.02-00.52.33:164][  0]LogMemory:      21840        17        19         50          109   16400   21063    1066K       22K      174K     84.01%
[2021.03.02-00.52.33:164][  0]LogMemory:      32768        11        13         21           76   21904   32640     672K       32K      147K     79.12%
[2021.03.02-00.52.33:164][  0]LogMemory:      49152         4         5         14          224       0   49152     672K       96K      208K     72.92%
[2021.03.02-00.52.33:164][  0]LogMemory:      98304         2         3          8           20       0   97280     768K        0K      177K     76.95%
[2021.03.02-00.52.33:164][  0]LogMemory: 
[2021.03.02-00.52.33:164][  0]LogMemory: 32576K allocated in pools (with 4754K slack and 2549K waste). Efficiency 92.18%
[2021.03.02-00.52.33:164][  0]LogMemory: Allocations 145098 Current / 879502 Total (in 491 pools)
[2021.03.02-00.52.33:164][  0]LogMemory: 
[2021.03.02-00.52.33:244][  0]LogAIModule: Creating AISystem for world Minimal_Default
[2021.03.02-00.52.33:244][  0]LogWorld: Game class is 'mouse_game_mode_C'
[2021.03.02-00.52.33:248][  0]LogWorld: Bringing World /Game/StarterContent/Maps/Minimal_Default.Minimal_Default up for play (max tick rate 0) at 2021.03.01-16.52.33
[2021.03.02-00.52.33:249][  0]LogWorld: Bringing up level for play took: 0.004101
[2021.03.02-00.52.33:252][  0]LogLoad: Took 0.096477 seconds to LoadMap(/Game/StarterContent/Maps/Minimal_Default)
[2021.03.02-00.52.33:252][  0]LogInit:Display: Game Engine Initialized.
[2021.03.02-00.52.33:455][  0]LogLoad: Full Startup: 6.31 seconds (BP compile: 0.00 seconds)
[2021.03.02-00.52.33:455][  0]LogExternalProfiler: No external profilers were discovered.  External profiling features will not be available.
[2021.03.02-00.52.33:473][  0]LogOcInput: OculusInput pre-init called
[2021.03.02-00.52.33:559][  0]LogRenderer: Reallocating scene render targets to support 128x128 (Frame:1).
[2021.03.02-00.52.33:633][  1]LogRenderer: Reallocating scene render targets to support 1824x1028 (Frame:2).
[2021.03.02-00.58.35:502][434]LogScript:Warning: Attempted to access left_arrow via property left_arrow, but left_arrow is pending kill
	Checker_Blueprint_black_test_C /Game/StarterContent/Maps/Minimal_Default.Minimal_Default:PersistentLevel.Checker_Blueprint_black_test5
	Function /Game/Blueprints/Checker_Blueprint.Checker_Blueprint_C:check_arrows:08C4
[2021.03.02-00.58.35:502][434]LogScript:Warning: Script call stack:
	Function /Game/Blueprints/Checker_Blueprint.Checker_Blueprint_C:BndEvt__left_arrow_K2Node_ComponentBoundEvent_0_ComponentOnClickedSignature__DelegateSignature
	Function /Game/Blueprints/Checker_Blueprint.Checker_Blueprint_C:ExecuteUbergraph_Checker_Blueprint
	Function /Game/Blueprints/Checker_Blueprint.Checker_Blueprint_C:check_arrows

[2021.03.02-00.58.35:502][434]LogScript:Warning: Attempted to access left_arrow via property left_arrow, but left_arrow is pending kill
	Checker_Blueprint_black_test_C /Game/StarterContent/Maps/Minimal_Default.Minimal_Default:PersistentLevel.Checker_Blueprint_black_test5
	Function /Game/Blueprints/Checker_Blueprint.Checker_Blueprint_C:check_arrows:08EA
[2021.03.02-00.58.35:502][434]LogScript:Warning: Script call stack:
	Function /Game/Blueprints/Checker_Blueprint.Checker_Blueprint_C:BndEvt__left_arrow_K2Node_ComponentBoundEvent_0_ComponentOnClickedSignature__DelegateSignature
	Function /Game/Blueprints/Checker_Blueprint.Checker_Blueprint_C:ExecuteUbergraph_Checker_Blueprint
	Function /Game/Blueprints/Checker_Blueprint.Checker_Blueprint_C:check_arrows

[2021.03.02-00.58.35:502][434]LogScript:Warning: Attempted to access right_arrow via property right_arrow, but right_arrow is pending kill
	Checker_Blueprint_black_test_C /Game/StarterContent/Maps/Minimal_Default.Minimal_Default:PersistentLevel.Checker_Blueprint_black_test5
	Function /Game/Blueprints/Checker_Blueprint.Checker_Blueprint_C:check_arrows:0915
[2021.03.02-00.58.35:502][434]LogScript:Warning: Script call stack:
	Function /Game/Blueprints/Checker_Blueprint.Checker_Blueprint_C:BndEvt__left_arrow_K2Node_ComponentBoundEvent_0_ComponentOnClickedSignature__DelegateSignature
	Function /Game/Blueprints/Checker_Blueprint.Checker_Blueprint_C:ExecuteUbergraph_Checker_Blueprint
	Function /Game/Blueprints/Checker_Blueprint.Checker_Blueprint_C:check_arrows

[2021.03.02-00.58.35:502][434]LogScript:Warning: Attempted to access right_arrow via property right_arrow, but right_arrow is pending kill
	Checker_Blueprint_black_test_C /Game/StarterContent/Maps/Minimal_Default.Minimal_Default:PersistentLevel.Checker_Blueprint_black_test5
	Function /Game/Blueprints/Checker_Blueprint.Checker_Blueprint_C:check_arrows:093B
[2021.03.02-00.58.35:502][434]LogScript:Warning: Script call stack:
	Function /Game/Blueprints/Checker_Blueprint.Checker_Blueprint_C:BndEvt__left_arrow_K2Node_ComponentBoundEvent_0_ComponentOnClickedSignature__DelegateSignature
	Function /Game/Blueprints/Checker_Blueprint.Checker_Blueprint_C:ExecuteUbergraph_Checker_Blueprint
	Function /Game/Blueprints/Checker_Blueprint.Checker_Blueprint_C:check_arrows

[2021.03.02-00.59.17:519][ 39]LogNet: Browse: /Game/StarterContent/Maps/Minimal_Default
[2021.03.02-00.59.17:519][ 39]LogLoad: LoadMap: /Game/StarterContent/Maps/Minimal_Default
[2021.03.02-00.59.17:531][ 39]LogMemory: Platform Memory Stats for WindowsNoEditor
[2021.03.02-00.59.17:531][ 39]LogMemory: Process Physical Memory: 239.42 MB used, 244.62 MB peak
[2021.03.02-00.59.17:531][ 39]LogMemory: Process Virtual Memory: 674.41 MB used, 679.89 MB peak
[2021.03.02-00.59.17:531][ 39]LogMemory: Physical Memory: 8895.47 MB used, 16303.59 MB total
[2021.03.02-00.59.17:531][ 39]LogMemory: Virtual Memory: 991.47 MB used, 134217728.00 MB total
[2021.03.02-00.59.17:531][ 39]LogMemory: 
[2021.03.02-00.59.17:532][ 39]LogMemory: Allocator Stats for binned:
[2021.03.02-00.59.17:532][ 39]LogMemory: Current Memory 90.50 MB used, plus 8.63 MB waste
[2021.03.02-00.59.17:532][ 39]LogMemory: Peak Memory 101.17 MB used, plus 5.65 MB waste
[2021.03.02-00.59.17:532][ 39]LogMemory: Current OS Memory 99.13 MB, peak 106.81 MB
[2021.03.02-00.59.17:532][ 39]LogMemory: Current Waste 1.81 MB, peak 2.05 MB
[2021.03.02-00.59.17:532][ 39]LogMemory: Current Used 90.50 MB, peak 101.17 MB
[2021.03.02-00.59.17:532][ 39]LogMemory: Current Slack 6.81 MB
[2021.03.02-00.59.17:532][ 39]LogMemory: Allocs       152281 Current /  12910255 Total
[2021.03.02-00.59.17:532][ 39]LogMemory: 
[2021.03.02-00.59.17:532][ 39]LogMemory: Block Size Num Pools Max Pools Cur Allocs Total Allocs Min Req Max Req Mem Used Mem Slack Mem Waste Efficiency
[2021.03.02-00.59.17:532][ 39]LogMemory: ---------- --------- --------- ---------- ------------ ------- ------- -------- --------- --------- ----------
[2021.03.02-00.59.17:532][ 39]LogMemory:          8         0         0          0            0       8       0       0K        0K        0K    100.00%
[2021.03.02-00.59.17:532][ 39]LogMemory:         16         7         7      24072       878665      16      16     376K       72K        0K    100.00%
[2021.03.02-00.59.17:532][ 39]LogMemory:         32        13        13      25663       643959      17      32     801K       31K       55K     93.39%
[2021.03.02-00.59.17:532][ 39]LogMemory:         48         9         9      10792       961041      33      48     505K       71K       21K     96.35%
[2021.03.02-00.59.17:532][ 39]LogMemory:         64        23        23      21181       712260      49      64    1323K      149K       32K     97.83%
[2021.03.02-00.59.17:532][ 39]LogMemory:         80        12        12       8942       174992      65      80     698K       70K       34K     95.57%
[2021.03.02-00.59.17:532][ 39]LogMemory:         96         7         7       3489      4457354      81      96     327K      121K       27K     93.97%
[2021.03.02-00.59.17:532][ 39]LogMemory:        112         5         5       2333      2512269      97     112     255K       65K        0K    100.00%
[2021.03.02-00.59.17:532][ 39]LogMemory:        128        20        20       8733        81776     114     128    1091K      189K       13K     98.98%
[2021.03.02-00.59.17:532][ 39]LogMemory:        160        44        46      17317       142464     129     160    2705K      107K      153K     94.57%
[2021.03.02-00.59.17:532][ 39]LogMemory:        192        26        26       8102       413849     161     192    1519K      144K      101K     93.93%
[2021.03.02-00.59.17:532][ 39]LogMemory:        224        23        38       6251       288985     193     224    1367K      103K       73K     95.04%
[2021.03.02-00.59.17:532][ 39]LogMemory:        256         6         6       1062        21246     226     256     265K      119K       12K     96.88%
[2021.03.02-00.59.17:532][ 39]LogMemory:        288         5         5        852         8937     257     288     239K       81K       13K     95.94%
[2021.03.02-00.59.17:532][ 39]LogMemory:        320         3         3        493        88284     290     320     154K       38K        1K     99.48%
[2021.03.02-00.59.17:532][ 39]LogMemory:        384        24        24       3417       398281     322     384    1281K      249K      101K     93.42%
[2021.03.02-00.59.17:532][ 39]LogMemory:        448         6         7        540        82266     386     448     236K      148K       22K     94.27%
[2021.03.02-00.59.17:532][ 39]LogMemory:        512         7         7        597        10680     449     512     298K      150K        9K     97.99%
[2021.03.02-00.59.17:532][ 39]LogMemory:        576        33        33       3234        35928     514     576    1819K      279K      161K     92.38%
[2021.03.02-00.59.17:532][ 39]LogMemory:        640         8         8        644         8227     577     640     402K      108K       18K     96.48%
[2021.03.02-00.59.17:532][ 39]LogMemory:        704         9         9        588        52375     642     704     404K      172K       22K     96.18%
[2021.03.02-00.59.17:532][ 39]LogMemory:        768        10        10        566        29165     705     768     424K      214K       11K     98.28%
[2021.03.02-00.59.17:533][ 39]LogMemory:        896         5         5        220         1962     769     896     192K      128K        9K     97.19%
[2021.03.02-00.59.17:533][ 39]LogMemory:       1024        10        10        292       554270     897    1024     292K      348K        3K     99.53%
[2021.03.02-00.59.17:533][ 39]LogMemory:       1168         8         9        325        32954    1025    1168     370K      141K       35K     93.16%
[2021.03.02-00.59.17:533][ 39]LogMemory:       1360         7         7        212        14175    1169    1360     281K      166K       12K     97.32%
[2021.03.02-00.59.17:533][ 39]LogMemory:       1632        14        14        409        42723    1361    1632     651K      242K       38K     95.76%
[2021.03.02-00.59.17:533][ 39]LogMemory:       2048        16        20        308        13437    1634    2048     616K      408K       78K     92.38%
[2021.03.02-00.59.17:533][ 39]LogMemory:       2336         6         6        127         2613    2050    2336     289K       95K       27K     92.97%
[2021.03.02-00.59.17:533][ 39]LogMemory:       2720         6         6         90          581    2340    2720     239K      144K       13K     96.61%
[2021.03.02-00.59.17:533][ 39]LogMemory:       3264        10        13        169         1539    2728    3264     538K      100K       36K     94.38%
[2021.03.02-00.59.17:533][ 39]LogMemory:       4096        22        29        279        26435    3270    4096    1116K      292K      200K     85.80%
[2021.03.02-00.59.17:533][ 39]LogMemory:       4672        13        16        108          645    4100    4672     492K      339K       21K     97.48%
[2021.03.02-00.59.17:533][ 39]LogMemory:       5456        17        24        128          534    4679    5451     682K      405K       56K     94.85%
[2021.03.02-00.59.17:533][ 39]LogMemory:       6544        20        21        160          477    5463    6540    1022K      257K       80K     93.75%
[2021.03.02-00.59.17:533][ 39]LogMemory:       8192        13        14         71        26134    6552    8192     568K      264K       81K     90.26%
[2021.03.02-00.59.17:533][ 39]LogMemory:       9360         8         9         51          139    8224    9360     466K       46K       27K     94.73%
[2021.03.02-00.59.17:533][ 39]LogMemory:      10912         7         7         36        25452    9361   10895     383K       65K       23K     94.87%
[2021.03.02-00.59.17:533][ 39]LogMemory:      13104        17        17         79          129   10922   13056    1010K       78K       86K     92.10%
[2021.03.02-00.59.17:533][ 39]LogMemory:      16384        16        17         53         2639   13109   16384     848K      176K        7K     99.32%
[2021.03.02-00.59.17:533][ 39]LogMemory:      21840        20        26         52          149   16400   21784    1109K      171K      175K     86.33%
[2021.03.02-00.59.17:533][ 39]LogMemory:      32768        16        31         26          131   21868   32640     832K      192K      210K     79.49%
[2021.03.02-00.59.17:533][ 39]LogMemory:      49152         7         8         22          260       0   49152    1056K      288K      322K     76.04%
[2021.03.02-00.59.17:533][ 39]LogMemory:      98304         2         3          8           23       0   97280     768K        0K      177K     76.95%
[2021.03.02-00.59.17:533][ 39]LogMemory: 
[2021.03.02-00.59.17:533][ 39]LogMemory: 37376K allocated in pools (with 7025K slack and 2595K waste). Efficiency 93.06%
[2021.03.02-00.59.17:533][ 39]LogMemory: Allocations 152094 Current / 12750405 Total (in 560 pools)
[2021.03.02-00.59.17:533][ 39]LogMemory: 
[2021.03.02-00.59.17:610][ 39]LogAIModule: Creating AISystem for world Minimal_Default
[2021.03.02-00.59.17:610][ 39]LogWorld: Game class is 'mouse_game_mode_C'
[2021.03.02-00.59.17:614][ 39]LogWorld: Bringing World /Game/StarterContent/Maps/Minimal_Default.Minimal_Default up for play (max tick rate 0) at 2021.03.01-16.59.17
[2021.03.02-00.59.17:615][ 39]LogWorld: Bringing up level for play took: 0.004112
[2021.03.02-00.59.17:617][ 39]LogLoad: Took 0.098112 seconds to LoadMap(/Game/StarterContent/Maps/Minimal_Default)
[2021.03.02-01.00.57:339][219]LogNet: Browse: /Game/StarterContent/Maps/Minimal_Default
[2021.03.02-01.00.57:339][219]LogLoad: LoadMap: /Game/StarterContent/Maps/Minimal_Default
[2021.03.02-01.00.57:351][219]LogMemory: Platform Memory Stats for WindowsNoEditor
[2021.03.02-01.00.57:351][219]LogMemory: Process Physical Memory: 244.44 MB used, 246.78 MB peak
[2021.03.02-01.00.57:351][219]LogMemory: Process Virtual Memory: 727.78 MB used, 793.77 MB peak
[2021.03.02-01.00.57:351][219]LogMemory: Physical Memory: 8895.71 MB used, 16303.59 MB total
[2021.03.02-01.00.57:351][219]LogMemory: Virtual Memory: 1037.70 MB used, 134217728.00 MB total
[2021.03.02-01.00.57:351][219]LogMemory: 
[2021.03.02-01.00.57:352][219]LogMemory: Allocator Stats for binned:
[2021.03.02-01.00.57:352][219]LogMemory: Current Memory 90.75 MB used, plus 9.31 MB waste
[2021.03.02-01.00.57:352][219]LogMemory: Peak Memory 102.28 MB used, plus 5.72 MB waste
[2021.03.02-01.00.57:352][219]LogMemory: Current OS Memory 100.06 MB, peak 108.00 MB
[2021.03.02-01.00.57:352][219]LogMemory: Current Waste 1.81 MB, peak 2.10 MB
[2021.03.02-01.00.57:352][219]LogMemory: Current Used 90.76 MB, peak 102.28 MB
[2021.03.02-01.00.57:353][219]LogMemory: Current Slack 7.49 MB
[2021.03.02-01.00.57:353][219]LogMemory: Allocs       152393 Current /  16011694 Total
[2021.03.02-01.00.57:353][219]LogMemory: 
[2021.03.02-01.00.57:353][219]LogMemory: Block Size Num Pools Max Pools Cur Allocs Total Allocs Min Req Max Req Mem Used Mem Slack Mem Waste Efficiency
[2021.03.02-01.00.57:353][219]LogMemory: ---------- --------- --------- ---------- ------------ ------- ------- -------- --------- --------- ----------
[2021.03.02-01.00.57:353][219]LogMemory:          8         0         0          0            0       8       0       0K        0K        0K    100.00%
[2021.03.02-01.00.57:353][219]LogMemory:         16         7         7      24095      1031857      16      16     376K       72K        0K    100.00%
[2021.03.02-01.00.57:353][219]LogMemory:         32        14        15      25673       793841      17      32     802K       94K       55K     93.86%
[2021.03.02-01.00.57:353][219]LogMemory:         48         9         9      10805      1194318      33      48     506K       70K       21K     96.35%
[2021.03.02-01.00.57:353][219]LogMemory:         64        23        23      21179       878859      49      64    1323K      149K       31K     97.89%
[2021.03.02-01.00.57:353][219]LogMemory:         80        12        12       8944       205691      65      80     698K       70K       35K     95.44%
[2021.03.02-01.00.57:353][219]LogMemory:         96         7         8       3487      5597273      81      96     326K      122K       27K     93.97%
[2021.03.02-01.00.57:353][219]LogMemory:        112         5         5       2334      3155342      97     112     255K       65K        0K    100.00%
[2021.03.02-01.00.57:353][219]LogMemory:        128        20        20       8734        96726     114     128    1091K      189K       12K     99.06%
[2021.03.02-01.00.57:353][219]LogMemory:        160        45        46      17342       166074     129     160    2709K      167K      145K     94.97%
[2021.03.02-01.00.57:353][219]LogMemory:        192        27        27       8105       511748     161     192    1519K      208K      101K     94.16%
[2021.03.02-01.00.57:353][219]LogMemory:        224        23        38       6251       349681     193     224    1367K      103K       72K     95.11%
[2021.03.02-01.00.57:353][219]LogMemory:        256         6         6       1087        23962     226     256     271K      113K       12K     96.88%
[2021.03.02-01.00.57:353][219]LogMemory:        288         5         5        854         9384     257     288     240K       80K       13K     95.94%
[2021.03.02-01.00.57:353][219]LogMemory:        320         3         3        493       107026     290     320     154K       38K        0K    100.00%
[2021.03.02-01.00.57:353][219]LogMemory:        384        24        24       3422       488851     322     384    1283K      247K      101K     93.42%
[2021.03.02-01.00.57:353][219]LogMemory:        448         6         7        539       100774     386     448     235K      149K       21K     94.53%
[2021.03.02-01.00.57:353][219]LogMemory:        512         7         7        597        11879     449     512     298K      150K        8K     98.21%
[2021.03.02-01.00.57:353][219]LogMemory:        576        33        34       3234        44869     514     576    1819K      279K      161K     92.38%
[2021.03.02-01.00.57:353][219]LogMemory:        640         8         8        644        11696     577     640     402K      108K       21K     95.90%
[2021.03.02-01.00.57:353][219]LogMemory:        704         9        10        589        65217     642     704     404K      172K       22K     96.18%
[2021.03.02-01.00.57:353][219]LogMemory:        768        10        10        566        36298     705     768     424K      214K       11K     98.28%
[2021.03.02-01.00.57:353][219]LogMemory:        896         5         5        219         2320     769     896     191K      129K        9K     97.19%
[2021.03.02-01.00.57:353][219]LogMemory:       1024        10        10        292       691381     897    1024     292K      348K        3K     99.53%
[2021.03.02-01.00.57:353][219]LogMemory:       1168         8         9        325        42356    1025    1168     370K      141K       34K     93.36%
[2021.03.02-01.00.57:353][219]LogMemory:       1360         7         7        213        16034    1169    1360     282K      165K       12K     97.32%
[2021.03.02-01.00.57:353][219]LogMemory:       1632        14        14        409        53384    1361    1632     651K      242K       35K     96.09%
[2021.03.02-01.00.57:353][219]LogMemory:       2048        16        21        308        16534    1634    2048     616K      408K       78K     92.38%
[2021.03.02-01.00.57:353][219]LogMemory:       2336         6         6        127         3010    2050    2336     289K       95K       25K     93.49%
[2021.03.02-01.00.57:353][219]LogMemory:       2720         6         6         89          702    2340    2720     236K      147K       13K     96.61%
[2021.03.02-01.00.57:353][219]LogMemory:       3264        11        13        168         1777    2728    3264     535K      167K       37K     94.74%
[2021.03.02-01.00.57:353][219]LogMemory:       4096        23        29        278        32963    3270    4096    1112K      360K      199K     86.48%
[2021.03.02-01.00.57:353][219]LogMemory:       4672        13        16        110          821    4100    4672     501K      330K       21K     97.48%
[2021.03.02-01.00.57:353][219]LogMemory:       5456        17        24        128          635    4679    5451     682K      405K       55K     94.94%
[2021.03.02-01.00.57:353][219]LogMemory:       6544        23        23        161          564    5463    6540    1028K      442K       82K     94.43%
[2021.03.02-01.00.57:353][219]LogMemory:       8192        14        15         72        32429    6552    8192     576K      320K       82K     90.85%
[2021.03.02-01.00.57:353][219]LogMemory:       9360         9         9         52          150    8224    9360     475K      101K       28K     95.14%
[2021.03.02-01.00.57:353][219]LogMemory:      10912         7         7         36        31842    9361   10895     383K       65K       23K     94.87%
[2021.03.02-01.00.57:353][219]LogMemory:      13104        17        17         79          139   10922   13056    1010K       78K       86K     92.10%
[2021.03.02-01.00.57:353][219]LogMemory:      16384        16        17         53         3317   13109   16384     848K      176K        7K     99.32%
[2021.03.02-01.00.57:353][219]LogMemory:      21840        21        26         52          184   16400   21784    1109K      235K      171K     87.28%
[2021.03.02-01.00.57:353][219]LogMemory:      32768        17        34         27          183   21868   32640     864K      224K      231K     78.77%
[2021.03.02-01.00.57:353][219]LogMemory:      49152         7         8         22          287       0   49152    1056K      288K      322K     76.04%
[2021.03.02-01.00.57:353][219]LogMemory:      98304         2         3          8           26       0   97280     768K        0K      177K     76.95%
[2021.03.02-01.00.57:353][219]LogMemory: 
[2021.03.02-01.00.57:353][219]LogMemory: 38144K allocated in pools (with 7725K slack and 2599K waste). Efficiency 93.19%
[2021.03.02-01.00.57:353][219]LogMemory: Allocations 152203 Current / 15812405 Total (in 572 pools)
[2021.03.02-01.00.57:353][219]LogMemory: 
[2021.03.02-01.00.57:427][219]LogAIModule: Creating AISystem for world Minimal_Default
[2021.03.02-01.00.57:427][219]LogWorld: Game class is 'mouse_game_mode_C'
[2021.03.02-01.00.57:431][219]LogWorld: Bringing World /Game/StarterContent/Maps/Minimal_Default.Minimal_Default up for play (max tick rate 0) at 2021.03.01-17.00.57
[2021.03.02-01.00.57:432][219]LogWorld: Bringing up level for play took: 0.003474
[2021.03.02-01.00.57:433][219]LogLoad: Took 0.094534 seconds to LoadMap(/Game/StarterContent/Maps/Minimal_Default)
[2021.03.02-01.00.58:882][307]Closing by request
[2021.03.02-01.00.58:882][307]LogWindows: FPlatformMisc::RequestExit(0)
[2021.03.02-01.00.58:883][308]LogMoviePlayer: Shutting down movie player
[2021.03.02-01.00.59:444][308]LogSlate: Window 'MyFirstProject (64-bit, PCD3D_SM5)' being destroyed
[2021.03.02-01.00.59:451][308]LogWindowsTextInputMethodSystem:Display: IME system now deactivated.
[2021.03.02-01.00.59:527][308]LogExit: Preparing to exit.
[2021.03.02-01.00.59:591][308]LogExit: Game engine shut down
[2021.03.02-01.00.59:636][308]LogObj: Freed 32b from 1 cluster array pools.
[2021.03.02-01.00.59:636][308]LogExit: Object subsystem successfully closed.
[2021.03.02-01.00.59:643][308]LogD3D11RHI: Shutdown
[2021.03.02-01.00.59:643][308]LogD3D11RHI: CleanupD3DDevice
[2021.03.02-01.00.59:688][308]LogD3D11RHI: ~FD3D11DynamicRHI
[2021.03.02-01.00.59:688][308]LogModuleManager: Shutting down and abandoning module AutomationController (62)
[2021.03.02-01.00.59:688][308]LogModuleManager: Shutting down and abandoning module AutomationWorker (61)
[2021.03.02-01.00.59:688][308]LogModuleManager: Shutting down and abandoning module CharacterAI (60)
[2021.03.02-01.00.59:688][308]LogModuleManager: Shutting down and abandoning module SessionServices (59)
[2021.03.02-01.00.59:689][308]LogModuleManager: Shutting down and abandoning module GameplayDebugger (58)
[2021.03.02-01.00.59:689][308]LogModuleManager: Shutting down and abandoning module AIModule (57)
[2021.03.02-01.00.59:689][308]LogModuleManager: Shutting down and abandoning module StreamingPauseRendering (56)
[2021.03.02-01.00.59:689][308]LogModuleManager: Shutting down and abandoning module AnalyticsET (55)
[2021.03.02-01.00.59:689][308]LogModuleManager: Shutting down and abandoning module Analytics (54)
[2021.03.02-01.00.59:689][308]LogModuleManager: Shutting down and abandoning module ProfilerService (50)
[2021.03.02-01.00.59:837][308]LogModuleManager: Shutting down and abandoning module TaskGraph (49)
[2021.03.02-01.00.59:837][308]LogModuleManager: Shutting down and abandoning module HTML5Networking (48)
[2021.03.02-01.00.59:837][308]LogModuleManager: Shutting down and abandoning module ArchVisCharacter (47)
[2021.03.02-01.00.59:838][308]LogModuleManager: Shutting down and abandoning module CableComponent (46)
[2021.03.02-01.00.59:838][308]LogModuleManager: Shutting down and abandoning module CustomMeshComponent (45)
[2021.03.02-01.00.59:838][308]LogModuleManager: Shutting down and abandoning module OculusInput (44)
[2021.03.02-01.00.59:838][308]LogModuleManager: Shutting down and abandoning module OculusLibrary (43)
[2021.03.02-01.00.59:838][308]LogModuleManager: Shutting down and abandoning module ProceduralMeshComponent (42)
[2021.03.02-01.00.59:838][308]LogModuleManager: Shutting down and abandoning module SteamVRController (41)
[2021.03.02-01.00.59:838][308]LogModuleManager: Shutting down and abandoning module SteamVR (40)
[2021.03.02-01.00.59:838][308]LogModuleManager: Shutting down and abandoning module SlateRemote (39)
[2021.03.02-01.00.59:838][308]LogModuleManager: Shutting down and abandoning module Paper2D (38)
[2021.03.02-01.00.59:838][308]LogModuleManager: Shutting down and abandoning module LightPropagationVolumeRuntime (37)
[2021.03.02-01.00.59:838][308]LogModuleManager: Shutting down and abandoning module UdpMessaging (36)
[2021.03.02-01.00.59:838][308]LogModuleManager: Shutting down and abandoning module Media (35)
[2021.03.02-01.00.59:838][308]LogModuleManager: Shutting down and abandoning module WmfMedia (34)
[2021.03.02-01.00.59:838][308]LogModuleManager: Shutting down and abandoning module WindowsMoviePlayer (33)
[2021.03.02-01.00.59:839][308]LogModuleManager: Shutting down and abandoning module ImageWrapper (32)
[2021.03.02-01.00.59:839][308]LogModuleManager: Shutting down and abandoning module MediaAssets (31)
[2021.03.02-01.00.59:839][308]LogModuleManager: Shutting down and abandoning module GameLiveStreaming (30)
[2021.03.02-01.00.59:839][308]LogModuleManager: Shutting down and abandoning module UMG (29)
[2021.03.02-01.00.59:839][308]LogModuleManager: Shutting down and abandoning module SlateReflector (28)
[2021.03.02-01.00.59:839][308]LogModuleManager: Shutting down and abandoning module Slate (27)
[2021.03.02-01.00.59:839][308]LogModuleManager: Shutting down and abandoning module Messaging (26)
[2021.03.02-01.00.59:839][308]LogModuleManager: Shutting down and abandoning module HeadMountedDisplay (25)
[2021.03.02-01.00.59:839][308]LogModuleManager: Shutting down and abandoning module XAudio2 (24)
[2021.03.02-01.00.59:839][308]LogModuleManager: Shutting down and abandoning module Networking (22)
[2021.03.02-01.00.59:839][308]LogModuleManager: Shutting down and abandoning module Core (21)
[2021.03.02-01.00.59:839][308]LogModuleManager: Shutting down and abandoning module AssetRegistry (20)
[2021.03.02-01.00.59:842][308]LogModuleManager: Shutting down and abandoning module InputCore (19)
[2021.03.02-01.00.59:842][308]LogModuleManager: Shutting down and abandoning module OnlineSubsystem (17)
[2021.03.02-01.00.59:842][308]LogModuleManager: Shutting down and abandoning module HTTP (16)
[2021.03.02-01.01.04:361][308]LogModuleManager: Shutting down and abandoning module ExampleDeviceProfileSelector (15)
[2021.03.02-01.01.04:361][308]LogModuleManager: Shutting down and abandoning module OculusRift (14)
[2021.03.02-01.01.04:361][308]LogModuleManager: Shutting down and abandoning module ShaderCore (13)
[2021.03.02-01.01.04:361][308]LogModuleManager: Shutting down and abandoning module Landscape (12)
[2021.03.02-01.01.04:361][308]LogModuleManager: Shutting down and abandoning module SlateRHIRenderer (11)
[2021.03.02-01.01.04:362][308]LogModuleManager: Shutting down and abandoning module OpenGLDrv (10)
[2021.03.02-01.01.04:362][308]LogModuleManager: Shutting down and abandoning module D3D11RHI (9)
[2021.03.02-01.01.04:362][308]LogModuleManager: Shutting down and abandoning module AnimGraphRuntime (8)
[2021.03.02-01.01.04:362][308]LogModuleManager: Shutting down and abandoning module Renderer (7)
[2021.03.02-01.01.04:362][308]LogModuleManager: Shutting down and abandoning module Engine (6)
[2021.03.02-01.01.04:362][308]LogModuleManager: Shutting down and abandoning module CoreUObject (5)
[2021.03.02-01.01.04:362][308]LogModuleManager: Shutting down and abandoning module NetworkFile (4)
[2021.03.02-01.01.04:362][308]LogModuleManager: Shutting down and abandoning module StreamingFile (3)
[2021.03.02-01.01.04:362][308]LogModuleManager: Shutting down and abandoning module SandboxFile (2)
[2021.03.02-01.01.04:362][308]LogModuleManager: Shutting down and abandoning module PakFile (1)
[2021.03.02-01.01.04:364][308]LogExit: Exiting.
[2021.03.02-01.01.04:367][308]Log file closed, 03/01/21 17:01:04
